{"/Users/jen/fullstack-ish-typescript/frontend/cypress.config.cjs": {"path":"/Users/jen/fullstack-ish-typescript/frontend/cypress.config.cjs","statementMap":{"0":{"start":{"line":3,"column":22},"end":{"line":3,"column":71}},"1":{"start":{"line":6,"column":4},"end":{"line":6,"column":54}},"2":{"start":{"line":9,"column":4},"end":{"line":9,"column":62}},"3":{"start":{"line":10,"column":25},"end":{"line":10,"column":43}},"4":{"start":{"line":12,"column":0},"end":{"line":49,"column":3}},"5":{"start":{"line":16,"column":22},"end":{"line":18,"column":8}},"6":{"start":{"line":20,"column":6},"end":{"line":20,"column":57}},"7":{"start":{"line":22,"column":6},"end":{"line":22,"column":39}},"8":{"start":{"line":24,"column":6},"end":{"line":24,"column":54}},"9":{"start":{"line":26,"column":6},"end":{"line":26,"column":20}}},"fnMap":{"0":{"name":"(anonymous_0)","decl":{"start":{"line":15,"column":4},"end":{"line":15,"column":5}},"loc":{"start":{"line":15,"column":38},"end":{"line":27,"column":5}},"line":15}},"branchMap":{},"s":{"0":1,"1":1,"2":1,"3":1,"4":1,"5":1,"6":1,"7":1,"8":1,"9":1},"f":{"0":1},"b":{},"_coverageSchema":"1a1c01bbd47fc00a2c39e90264f33305004495a9","hash":"db64fa454402b1c1580a96ac33d39bb6b309b5be","contentHash":"c738df8b0a6a938f2a0773c5911cb80cf2c7afb9a6b48bfc55f1f732ad96ed65"}
}
