{
  "/Users/jen/fullstack-ish-typescript/frontend/src/components/Navbar.tsx": {
    "path": "/Users/jen/fullstack-ish-typescript/frontend/src/components/Navbar.tsx",
    "statementMap": {
      "0": {
        "start": {
          "line": 3,
          "column": 20
        },
        "end": {
          "line": 3,
          "column": 97
        }
      },
      "1": {
        "start": {
          "line": 6,
          "column": 0
        },
        "end": {
          "line": 16,
          "column": 1
        }
      },
      "2": {
        "start": {
          "line": 7,
          "column": 2
        },
        "end": {
          "line": 9,
          "column": 3
        }
      },
      "3": {
        "start": {
          "line": 8,
          "column": 4
        },
        "end": {
          "line": 8,
          "column": 165
        }
      },
      "4": {
        "start": {
          "line": 10,
          "column": 2
        },
        "end": {
          "line": 10,
          "column": 39
        }
      },
      "5": {
        "start": {
          "line": 11,
          "column": 2
        },
        "end": {
          "line": 11,
          "column": 39
        }
      },
      "6": {
        "start": {
          "line": 12,
          "column": 2
        },
        "end": {
          "line": 14,
          "column": 4
        }
      },
      "7": {
        "start": {
          "line": 13,
          "column": 4
        },
        "end": {
          "line": 13,
          "column": 114
        }
      },
      "8": {
        "start": {
          "line": 15,
          "column": 2
        },
        "end": {
          "line": 15,
          "column": 75
        }
      },
      "9": {
        "start": {
          "line": 19,
          "column": 15
        },
        "end": {
          "line": 92,
          "column": 1
        }
      },
      "10": {
        "start": {
          "line": 20,
          "column": 2
        },
        "end": {
          "line": 91,
          "column": 11
        }
      },
      "11": {
        "start": {
          "line": 93,
          "column": 0
        },
        "end": {
          "line": 93,
          "column": 12
        }
      },
      "12": {
        "start": {
          "line": 96,
          "column": 0
        },
        "end": {
          "line": 96,
          "column": 27
        }
      },
      "13": {
        "start": {
          "line": 97,
          "column": 0
        },
        "end": {
          "line": 110,
          "column": 1
        }
      },
      "14": {
        "start": {
          "line": 98,
          "column": 2
        },
        "end": {
          "line": 98,
          "column": 39
        }
      },
      "15": {
        "start": {
          "line": 99,
          "column": 2
        },
        "end": {
          "line": 99,
          "column": 39
        }
      },
      "16": {
        "start": {
          "line": 100,
          "column": 2
        },
        "end": {
          "line": 109,
          "column": 5
        }
      },
      "17": {
        "start": {
          "line": 101,
          "column": 4
        },
        "end": {
          "line": 101,
          "column": 140
        }
      },
      "18": {
        "start": {
          "line": 102,
          "column": 4
        },
        "end": {
          "line": 108,
          "column": 7
        }
      },
      "19": {
        "start": {
          "line": 103,
          "column": 6
        },
        "end": {
          "line": 104,
          "column": 15
        }
      },
      "20": {
        "start": {
          "line": 104,
          "column": 8
        },
        "end": {
          "line": 104,
          "column": 15
        }
      },
      "21": {
        "start": {
          "line": 105,
          "column": 32
        },
        "end": {
          "line": 105,
          "column": 115
        }
      },
      "22": {
        "start": {
          "line": 106,
          "column": 6
        },
        "end": {
          "line": 107,
          "column": 54
        }
      },
      "23": {
        "start": {
          "line": 107,
          "column": 8
        },
        "end": {
          "line": 107,
          "column": 54
        }
      }
    },
    "fnMap": {
      "0": {
        "name": "(anonymous_0)",
        "decl": {
          "start": {
            "line": 12,
            "column": 24
          },
          "end": {
            "line": 12,
            "column": 25
          }
        },
        "loc": {
          "start": {
            "line": 12,
            "column": 38
          },
          "end": {
            "line": 14,
            "column": 3
          }
        },
        "line": 12
      },
      "1": {
        "name": "(anonymous_1)",
        "decl": {
          "start": {
            "line": 19,
            "column": 15
          },
          "end": {
            "line": 19,
            "column": 16
          }
        },
        "loc": {
          "start": {
            "line": 19,
            "column": 21
          },
          "end": {
            "line": 92,
            "column": 1
          }
        },
        "line": 19
      },
      "2": {
        "name": "(anonymous_2)",
        "decl": {
          "start": {
            "line": 100,
            "column": 52
          },
          "end": {
            "line": 100,
            "column": 53
          }
        },
        "loc": {
          "start": {
            "line": 100,
            "column": 72
          },
          "end": {
            "line": 109,
            "column": 3
          }
        },
        "line": 100
      },
      "3": {
        "name": "(anonymous_3)",
        "decl": {
          "start": {
            "line": 102,
            "column": 27
          },
          "end": {
            "line": 102,
            "column": 28
          }
        },
        "loc": {
          "start": {
            "line": 102,
            "column": 44
          },
          "end": {
            "line": 108,
            "column": 5
          }
        },
        "line": 102
      }
    },
    "branchMap": {
      "0": {
        "loc": {
          "start": {
            "line": 3,
            "column": 20
          },
          "end": {
            "line": 3,
            "column": 97
          }
        },
        "type": "binary-expr",
        "locations": [
          {
            "start": {
              "line": 3,
              "column": 20
            },
            "end": {
              "line": 3,
              "column": 60
            }
          },
          {
            "start": {
              "line": 3,
              "column": 64
            },
            "end": {
              "line": 3,
              "column": 97
            }
          }
        ],
        "line": 3
      },
      "1": {
        "loc": {
          "start": {
            "line": 6,
            "column": 0
          },
          "end": {
            "line": 16,
            "column": 1
          }
        },
        "type": "if",
        "locations": [
          {
            "start": {
              "line": 6,
              "column": 0
            },
            "end": {
              "line": 16,
              "column": 1
            }
          },
          {
            "start": {},
            "end": {}
          }
        ],
        "line": 6
      },
      "2": {
        "loc": {
          "start": {
            "line": 6,
            "column": 4
          },
          "end": {
            "line": 6,
            "column": 35
          }
        },
        "type": "binary-expr",
        "locations": [
          {
            "start": {
              "line": 6,
              "column": 4
            },
            "end": {
              "line": 6,
              "column": 19
            }
          },
          {
            "start": {
              "line": 6,
              "column": 23
            },
            "end": {
              "line": 6,
              "column": 35
            }
          }
        ],
        "line": 6
      },
      "3": {
        "loc": {
          "start": {
            "line": 7,
            "column": 2
          },
          "end": {
            "line": 9,
            "column": 3
          }
        },
        "type": "if",
        "locations": [
          {
            "start": {
              "line": 7,
              "column": 2
            },
            "end": {
              "line": 9,
              "column": 3
            }
          },
          {
            "start": {},
            "end": {}
          }
        ],
        "line": 7
      },
      "4": {
        "loc": {
          "start": {
            "line": 97,
            "column": 0
          },
          "end": {
            "line": 110,
            "column": 1
          }
        },
        "type": "if",
        "locations": [
          {
            "start": {
              "line": 97,
              "column": 0
            },
            "end": {
              "line": 110,
              "column": 1
            }
          },
          {
            "start": {},
            "end": {}
          }
        ],
        "line": 97
      },
      "5": {
        "loc": {
          "start": {
            "line": 97,
            "column": 4
          },
          "end": {
            "line": 97,
            "column": 35
          }
        },
        "type": "binary-expr",
        "locations": [
          {
            "start": {
              "line": 97,
              "column": 4
            },
            "end": {
              "line": 97,
              "column": 19
            }
          },
          {
            "start": {
              "line": 97,
              "column": 23
            },
            "end": {
              "line": 97,
              "column": 35
            }
          }
        ],
        "line": 97
      },
      "6": {
        "loc": {
          "start": {
            "line": 103,
            "column": 6
          },
          "end": {
            "line": 104,
            "column": 15
          }
        },
        "type": "if",
        "locations": [
          {
            "start": {
              "line": 103,
              "column": 6
            },
            "end": {
              "line": 104,
              "column": 15
            }
          },
          {
            "start": {},
            "end": {}
          }
        ],
        "line": 103
      },
      "7": {
        "loc": {
          "start": {
            "line": 106,
            "column": 6
          },
          "end": {
            "line": 107,
            "column": 54
          }
        },
        "type": "if",
        "locations": [
          {
            "start": {
              "line": 106,
              "column": 6
            },
            "end": {
              "line": 107,
              "column": 54
            }
          },
          {
            "start": {},
            "end": {}
          }
        ],
        "line": 106
      }
    },
    "s": {
      "0": 4,
      "1": 4,
      "2": 4,
      "3": 0,
      "4": 4,
      "5": 4,
      "6": 4,
      "7": 4,
      "8": 4,
      "9": 4,
      "10": 8,
      "11": 4,
      "12": 4,
      "13": 4,
      "14": 4,
      "15": 4,
      "16": 4,
      "17": 4,
      "18": 4,
      "19": 0,
      "20": 0,
      "21": 0,
      "22": 0,
      "23": 0
    },
    "f": {
      "0": 4,
      "1": 8,
      "2": 4,
      "3": 0
    },
    "b": {
      "0": [
        4,
        0
      ],
      "1": [
        4,
        0
      ],
      "2": [
        4,
        4
      ],
      "3": [
        0,
        4
      ],
      "4": [
        4,
        0
      ],
      "5": [
        4,
        4
      ],
      "6": [
        0,
        0
      ],
      "7": [
        0,
        0
      ]
    },
    "inputSourceMap": {
      "version": 3,
      "mappings": "AAiBU;AAjBV,OAAOA,oBAAkB;AAAA;AAAA;AAAA;AAAA;AAAA;AAAA;AAAA;AAAA;AAAA;AAAA;AAAA;AAAA;AAAA;AAAA;AACzB,SAASC,YAAY;AACrB,OAAO;AAEP,MAAMC,SAAmBA,MAAM;AAC7B,SACE,uBAAC,SAAI,WAAU,iDACb,iCAAC,SAAI,WAAU,mBACb;AAAA;AAAA,MAAC;AAAA;AAAA,QACC,WAAU;AAAA,QACV,MAAK;AAAA,QACL,kBAAe;AAAA,QACf,kBAAe;AAAA,QACf,iBAAc;AAAA,QACd,iBAAc;AAAA,QACd,cAAW;AAAA,QAEX,iCAAC,UAAK,WAAU,yBAAhB;AAAA;AAAA;AAAA;AAAA,eAAsC;AAAA;AAAA,MATxC;AAAA;AAAA;AAAA;AAAA;AAAA;AAAA;AAAA;AAAA,IAUA;AAAA,IACA,uBAAC,SAAI,WAAU,4BAA2B,IAAG,aAC3C,iCAAC,QAAG,WAAU,sBACZ;AAAA,6BAAC,QAAG,WAAU,YACZ,iCAAC,QAAK,IAAG,KAAI,WAAU,0BAAwB,oBAA/C;AAAA;AAAA;AAAA;AAAA,aAEA,KAHF;AAAA;AAAA;AAAA;AAAA,aAIA;AAAA,MACA,uBAAC,QAAG,WAAU,YACZ,iCAAC,QAAK,IAAG,QAAO,WAAU,0BAAwB,mBAAlD;AAAA;AAAA;AAAA;AAAA,aAEA,KAHF;AAAA;AAAA;AAAA;AAAA,aAIA;AAAA,MACA,uBAAC,QAAG,WAAU,YACZ,iCAAC,QAAK,IAAG,UAAS,WAAU,0BAAwB,qBAApD;AAAA;AAAA;AAAA;AAAA,aAEA,KAHF;AAAA;AAAA;AAAA;AAAA,aAIA;AAAA,SAfF;AAAA;AAAA;AAAA;AAAA,WAgBA,KAjBF;AAAA;AAAA;AAAA;AAAA,WAkBA;AAAA,OA9BF;AAAA;AAAA;AAAA;AAAA,SA+BA,KAhCF;AAAA;AAAA;AAAA;AAAA,SAiCA;AAEJ;AAAEC,KArCID;AAuCN,eAAeA;AAAO,IAAAC;AAAAC,aAAAD,IAAA",
      "names": [
        "React",
        "Link",
        "Navbar",
        "_c",
        "$RefreshReg$"
      ],
      "sources": [
        "/Users/jen/fullstack-ish-typescript/frontend/src/components/Navbar.tsx"
      ],
      "file": "/Users/jen/fullstack-ish-typescript/frontend/src/components/Navbar.tsx"
    },
    "_coverageSchema": "1a1c01bbd47fc00a2c39e90264f33305004495a9",
    "hash": "adb0cac1765399b94e43199291428ae5ab8998c9"
  },
  "/Users/jen/fullstack-ish-typescript/frontend/src/components/Header.tsx": {
    "path": "/Users/jen/fullstack-ish-typescript/frontend/src/components/Header.tsx",
    "statementMap": {
      "0": {
        "start": {
          "line": 3,
          "column": 20
        },
        "end": {
          "line": 3,
          "column": 97
        }
      },
      "1": {
        "start": {
          "line": 6,
          "column": 0
        },
        "end": {
          "line": 16,
          "column": 1
        }
      },
      "2": {
        "start": {
          "line": 7,
          "column": 2
        },
        "end": {
          "line": 9,
          "column": 3
        }
      },
      "3": {
        "start": {
          "line": 8,
          "column": 4
        },
        "end": {
          "line": 8,
          "column": 165
        }
      },
      "4": {
        "start": {
          "line": 10,
          "column": 2
        },
        "end": {
          "line": 10,
          "column": 39
        }
      },
      "5": {
        "start": {
          "line": 11,
          "column": 2
        },
        "end": {
          "line": 11,
          "column": 39
        }
      },
      "6": {
        "start": {
          "line": 12,
          "column": 2
        },
        "end": {
          "line": 14,
          "column": 4
        }
      },
      "7": {
        "start": {
          "line": 13,
          "column": 4
        },
        "end": {
          "line": 13,
          "column": 114
        }
      },
      "8": {
        "start": {
          "line": 15,
          "column": 2
        },
        "end": {
          "line": 15,
          "column": 75
        }
      },
      "9": {
        "start": {
          "line": 20,
          "column": 15
        },
        "end": {
          "line": 38,
          "column": 1
        }
      },
      "10": {
        "start": {
          "line": 21,
          "column": 2
        },
        "end": {
          "line": 37,
          "column": 4
        }
      },
      "11": {
        "start": {
          "line": 39,
          "column": 0
        },
        "end": {
          "line": 39,
          "column": 12
        }
      },
      "12": {
        "start": {
          "line": 42,
          "column": 0
        },
        "end": {
          "line": 42,
          "column": 27
        }
      },
      "13": {
        "start": {
          "line": 43,
          "column": 0
        },
        "end": {
          "line": 56,
          "column": 1
        }
      },
      "14": {
        "start": {
          "line": 44,
          "column": 2
        },
        "end": {
          "line": 44,
          "column": 39
        }
      },
      "15": {
        "start": {
          "line": 45,
          "column": 2
        },
        "end": {
          "line": 45,
          "column": 39
        }
      },
      "16": {
        "start": {
          "line": 46,
          "column": 2
        },
        "end": {
          "line": 55,
          "column": 5
        }
      },
      "17": {
        "start": {
          "line": 47,
          "column": 4
        },
        "end": {
          "line": 47,
          "column": 140
        }
      },
      "18": {
        "start": {
          "line": 48,
          "column": 4
        },
        "end": {
          "line": 54,
          "column": 7
        }
      },
      "19": {
        "start": {
          "line": 49,
          "column": 6
        },
        "end": {
          "line": 50,
          "column": 15
        }
      },
      "20": {
        "start": {
          "line": 50,
          "column": 8
        },
        "end": {
          "line": 50,
          "column": 15
        }
      },
      "21": {
        "start": {
          "line": 51,
          "column": 32
        },
        "end": {
          "line": 51,
          "column": 115
        }
      },
      "22": {
        "start": {
          "line": 52,
          "column": 6
        },
        "end": {
          "line": 53,
          "column": 54
        }
      },
      "23": {
        "start": {
          "line": 53,
          "column": 8
        },
        "end": {
          "line": 53,
          "column": 54
        }
      }
    },
    "fnMap": {
      "0": {
        "name": "(anonymous_0)",
        "decl": {
          "start": {
            "line": 12,
            "column": 24
          },
          "end": {
            "line": 12,
            "column": 25
          }
        },
        "loc": {
          "start": {
            "line": 12,
            "column": 38
          },
          "end": {
            "line": 14,
            "column": 3
          }
        },
        "line": 12
      },
      "1": {
        "name": "(anonymous_1)",
        "decl": {
          "start": {
            "line": 20,
            "column": 15
          },
          "end": {
            "line": 20,
            "column": 16
          }
        },
        "loc": {
          "start": {
            "line": 20,
            "column": 21
          },
          "end": {
            "line": 38,
            "column": 1
          }
        },
        "line": 20
      },
      "2": {
        "name": "(anonymous_2)",
        "decl": {
          "start": {
            "line": 46,
            "column": 52
          },
          "end": {
            "line": 46,
            "column": 53
          }
        },
        "loc": {
          "start": {
            "line": 46,
            "column": 72
          },
          "end": {
            "line": 55,
            "column": 3
          }
        },
        "line": 46
      },
      "3": {
        "name": "(anonymous_3)",
        "decl": {
          "start": {
            "line": 48,
            "column": 27
          },
          "end": {
            "line": 48,
            "column": 28
          }
        },
        "loc": {
          "start": {
            "line": 48,
            "column": 44
          },
          "end": {
            "line": 54,
            "column": 5
          }
        },
        "line": 48
      }
    },
    "branchMap": {
      "0": {
        "loc": {
          "start": {
            "line": 3,
            "column": 20
          },
          "end": {
            "line": 3,
            "column": 97
          }
        },
        "type": "binary-expr",
        "locations": [
          {
            "start": {
              "line": 3,
              "column": 20
            },
            "end": {
              "line": 3,
              "column": 60
            }
          },
          {
            "start": {
              "line": 3,
              "column": 64
            },
            "end": {
              "line": 3,
              "column": 97
            }
          }
        ],
        "line": 3
      },
      "1": {
        "loc": {
          "start": {
            "line": 6,
            "column": 0
          },
          "end": {
            "line": 16,
            "column": 1
          }
        },
        "type": "if",
        "locations": [
          {
            "start": {
              "line": 6,
              "column": 0
            },
            "end": {
              "line": 16,
              "column": 1
            }
          },
          {
            "start": {},
            "end": {}
          }
        ],
        "line": 6
      },
      "2": {
        "loc": {
          "start": {
            "line": 6,
            "column": 4
          },
          "end": {
            "line": 6,
            "column": 35
          }
        },
        "type": "binary-expr",
        "locations": [
          {
            "start": {
              "line": 6,
              "column": 4
            },
            "end": {
              "line": 6,
              "column": 19
            }
          },
          {
            "start": {
              "line": 6,
              "column": 23
            },
            "end": {
              "line": 6,
              "column": 35
            }
          }
        ],
        "line": 6
      },
      "3": {
        "loc": {
          "start": {
            "line": 7,
            "column": 2
          },
          "end": {
            "line": 9,
            "column": 3
          }
        },
        "type": "if",
        "locations": [
          {
            "start": {
              "line": 7,
              "column": 2
            },
            "end": {
              "line": 9,
              "column": 3
            }
          },
          {
            "start": {},
            "end": {}
          }
        ],
        "line": 7
      },
      "4": {
        "loc": {
          "start": {
            "line": 43,
            "column": 0
          },
          "end": {
            "line": 56,
            "column": 1
          }
        },
        "type": "if",
        "locations": [
          {
            "start": {
              "line": 43,
              "column": 0
            },
            "end": {
              "line": 56,
              "column": 1
            }
          },
          {
            "start": {},
            "end": {}
          }
        ],
        "line": 43
      },
      "5": {
        "loc": {
          "start": {
            "line": 43,
            "column": 4
          },
          "end": {
            "line": 43,
            "column": 35
          }
        },
        "type": "binary-expr",
        "locations": [
          {
            "start": {
              "line": 43,
              "column": 4
            },
            "end": {
              "line": 43,
              "column": 19
            }
          },
          {
            "start": {
              "line": 43,
              "column": 23
            },
            "end": {
              "line": 43,
              "column": 35
            }
          }
        ],
        "line": 43
      },
      "6": {
        "loc": {
          "start": {
            "line": 49,
            "column": 6
          },
          "end": {
            "line": 50,
            "column": 15
          }
        },
        "type": "if",
        "locations": [
          {
            "start": {
              "line": 49,
              "column": 6
            },
            "end": {
              "line": 50,
              "column": 15
            }
          },
          {
            "start": {},
            "end": {}
          }
        ],
        "line": 49
      },
      "7": {
        "loc": {
          "start": {
            "line": 52,
            "column": 6
          },
          "end": {
            "line": 53,
            "column": 54
          }
        },
        "type": "if",
        "locations": [
          {
            "start": {
              "line": 52,
              "column": 6
            },
            "end": {
              "line": 53,
              "column": 54
            }
          },
          {
            "start": {},
            "end": {}
          }
        ],
        "line": 52
      }
    },
    "s": {
      "0": 4,
      "1": 4,
      "2": 4,
      "3": 0,
      "4": 4,
      "5": 4,
      "6": 4,
      "7": 4,
      "8": 4,
      "9": 4,
      "10": 8,
      "11": 4,
      "12": 4,
      "13": 4,
      "14": 4,
      "15": 4,
      "16": 4,
      "17": 4,
      "18": 4,
      "19": 0,
      "20": 0,
      "21": 0,
      "22": 0,
      "23": 0
    },
    "f": {
      "0": 4,
      "1": 8,
      "2": 4,
      "3": 0
    },
    "b": {
      "0": [
        4,
        0
      ],
      "1": [
        4,
        0
      ],
      "2": [
        4,
        4
      ],
      "3": [
        0,
        4
      ],
      "4": [
        4,
        0
      ],
      "5": [
        4,
        4
      ],
      "6": [
        0,
        0
      ],
      "7": [
        0,
        0
      ]
    },
    "inputSourceMap": {
      "version": 3,
      "mappings": "AAOI;AAPJ,OAAOA,oBAAkB;AAAA;AAAA;AAAA;AAAA;AAAA;AAAA;AAAA;AAAA;AAAA;AAAA;AAAA;AAAA;AAAA;AAAA;AACzB,OAAO;AACP,OAAO;AACP,OAAOC,iBAAiB;AAExB,MAAMC,SAAmBA,MAAM;AAC7B,SACE;AAAA,IAAC;AAAA;AAAA,MACC,WAAU;AAAA,MACV,KAAKD;AAAAA,MACL,KAAI;AAAA,MACJ,SAAQ;AAAA;AAAA,IAJV;AAAA;AAAA;AAAA;AAAA;AAAA;AAAA;AAAA;AAAA,EAIgB;AAGpB;AAAEE,KATID;AAWN,eAAeA;AAAO,IAAAC;AAAAC,aAAAD,IAAA",
      "names": [
        "React",
        "HeaderImage",
        "Header",
        "_c",
        "$RefreshReg$"
      ],
      "sources": [
        "/Users/jen/fullstack-ish-typescript/frontend/src/components/Header.tsx"
      ],
      "file": "/Users/jen/fullstack-ish-typescript/frontend/src/components/Header.tsx"
    },
    "_coverageSchema": "1a1c01bbd47fc00a2c39e90264f33305004495a9",
    "hash": "d98141bac768bd58fb6964d3c0a11fbaa5f5500f"
  },
  "/Users/jen/fullstack-ish-typescript/frontend/src/views/Home.tsx": {
    "path": "/Users/jen/fullstack-ish-typescript/frontend/src/views/Home.tsx",
    "statementMap": {
      "0": {
        "start": {
          "line": 3,
          "column": 20
        },
        "end": {
          "line": 3,
          "column": 97
        }
      },
      "1": {
        "start": {
          "line": 6,
          "column": 0
        },
        "end": {
          "line": 16,
          "column": 1
        }
      },
      "2": {
        "start": {
          "line": 7,
          "column": 2
        },
        "end": {
          "line": 9,
          "column": 3
        }
      },
      "3": {
        "start": {
          "line": 8,
          "column": 4
        },
        "end": {
          "line": 8,
          "column": 165
        }
      },
      "4": {
        "start": {
          "line": 10,
          "column": 2
        },
        "end": {
          "line": 10,
          "column": 39
        }
      },
      "5": {
        "start": {
          "line": 11,
          "column": 2
        },
        "end": {
          "line": 11,
          "column": 39
        }
      },
      "6": {
        "start": {
          "line": 12,
          "column": 2
        },
        "end": {
          "line": 14,
          "column": 4
        }
      },
      "7": {
        "start": {
          "line": 13,
          "column": 4
        },
        "end": {
          "line": 13,
          "column": 107
        }
      },
      "8": {
        "start": {
          "line": 15,
          "column": 2
        },
        "end": {
          "line": 15,
          "column": 75
        }
      },
      "9": {
        "start": {
          "line": 24,
          "column": 13
        },
        "end": {
          "line": 138,
          "column": 1
        }
      },
      "10": {
        "start": {
          "line": 25,
          "column": 2
        },
        "end": {
          "line": 137,
          "column": 11
        }
      },
      "11": {
        "start": {
          "line": 139,
          "column": 0
        },
        "end": {
          "line": 139,
          "column": 10
        }
      },
      "12": {
        "start": {
          "line": 142,
          "column": 0
        },
        "end": {
          "line": 142,
          "column": 25
        }
      },
      "13": {
        "start": {
          "line": 143,
          "column": 0
        },
        "end": {
          "line": 156,
          "column": 1
        }
      },
      "14": {
        "start": {
          "line": 144,
          "column": 2
        },
        "end": {
          "line": 144,
          "column": 39
        }
      },
      "15": {
        "start": {
          "line": 145,
          "column": 2
        },
        "end": {
          "line": 145,
          "column": 39
        }
      },
      "16": {
        "start": {
          "line": 146,
          "column": 2
        },
        "end": {
          "line": 155,
          "column": 5
        }
      },
      "17": {
        "start": {
          "line": 147,
          "column": 4
        },
        "end": {
          "line": 147,
          "column": 133
        }
      },
      "18": {
        "start": {
          "line": 148,
          "column": 4
        },
        "end": {
          "line": 154,
          "column": 7
        }
      },
      "19": {
        "start": {
          "line": 149,
          "column": 6
        },
        "end": {
          "line": 150,
          "column": 15
        }
      },
      "20": {
        "start": {
          "line": 150,
          "column": 8
        },
        "end": {
          "line": 150,
          "column": 15
        }
      },
      "21": {
        "start": {
          "line": 151,
          "column": 32
        },
        "end": {
          "line": 151,
          "column": 115
        }
      },
      "22": {
        "start": {
          "line": 152,
          "column": 6
        },
        "end": {
          "line": 153,
          "column": 54
        }
      },
      "23": {
        "start": {
          "line": 153,
          "column": 8
        },
        "end": {
          "line": 153,
          "column": 54
        }
      }
    },
    "fnMap": {
      "0": {
        "name": "(anonymous_0)",
        "decl": {
          "start": {
            "line": 12,
            "column": 24
          },
          "end": {
            "line": 12,
            "column": 25
          }
        },
        "loc": {
          "start": {
            "line": 12,
            "column": 38
          },
          "end": {
            "line": 14,
            "column": 3
          }
        },
        "line": 12
      },
      "1": {
        "name": "(anonymous_1)",
        "decl": {
          "start": {
            "line": 24,
            "column": 13
          },
          "end": {
            "line": 24,
            "column": 14
          }
        },
        "loc": {
          "start": {
            "line": 24,
            "column": 19
          },
          "end": {
            "line": 138,
            "column": 1
          }
        },
        "line": 24
      },
      "2": {
        "name": "(anonymous_2)",
        "decl": {
          "start": {
            "line": 146,
            "column": 52
          },
          "end": {
            "line": 146,
            "column": 53
          }
        },
        "loc": {
          "start": {
            "line": 146,
            "column": 72
          },
          "end": {
            "line": 155,
            "column": 3
          }
        },
        "line": 146
      },
      "3": {
        "name": "(anonymous_3)",
        "decl": {
          "start": {
            "line": 148,
            "column": 27
          },
          "end": {
            "line": 148,
            "column": 28
          }
        },
        "loc": {
          "start": {
            "line": 148,
            "column": 44
          },
          "end": {
            "line": 154,
            "column": 5
          }
        },
        "line": 148
      }
    },
    "branchMap": {
      "0": {
        "loc": {
          "start": {
            "line": 3,
            "column": 20
          },
          "end": {
            "line": 3,
            "column": 97
          }
        },
        "type": "binary-expr",
        "locations": [
          {
            "start": {
              "line": 3,
              "column": 20
            },
            "end": {
              "line": 3,
              "column": 60
            }
          },
          {
            "start": {
              "line": 3,
              "column": 64
            },
            "end": {
              "line": 3,
              "column": 97
            }
          }
        ],
        "line": 3
      },
      "1": {
        "loc": {
          "start": {
            "line": 6,
            "column": 0
          },
          "end": {
            "line": 16,
            "column": 1
          }
        },
        "type": "if",
        "locations": [
          {
            "start": {
              "line": 6,
              "column": 0
            },
            "end": {
              "line": 16,
              "column": 1
            }
          },
          {
            "start": {},
            "end": {}
          }
        ],
        "line": 6
      },
      "2": {
        "loc": {
          "start": {
            "line": 6,
            "column": 4
          },
          "end": {
            "line": 6,
            "column": 35
          }
        },
        "type": "binary-expr",
        "locations": [
          {
            "start": {
              "line": 6,
              "column": 4
            },
            "end": {
              "line": 6,
              "column": 19
            }
          },
          {
            "start": {
              "line": 6,
              "column": 23
            },
            "end": {
              "line": 6,
              "column": 35
            }
          }
        ],
        "line": 6
      },
      "3": {
        "loc": {
          "start": {
            "line": 7,
            "column": 2
          },
          "end": {
            "line": 9,
            "column": 3
          }
        },
        "type": "if",
        "locations": [
          {
            "start": {
              "line": 7,
              "column": 2
            },
            "end": {
              "line": 9,
              "column": 3
            }
          },
          {
            "start": {},
            "end": {}
          }
        ],
        "line": 7
      },
      "4": {
        "loc": {
          "start": {
            "line": 143,
            "column": 0
          },
          "end": {
            "line": 156,
            "column": 1
          }
        },
        "type": "if",
        "locations": [
          {
            "start": {
              "line": 143,
              "column": 0
            },
            "end": {
              "line": 156,
              "column": 1
            }
          },
          {
            "start": {},
            "end": {}
          }
        ],
        "line": 143
      },
      "5": {
        "loc": {
          "start": {
            "line": 143,
            "column": 4
          },
          "end": {
            "line": 143,
            "column": 35
          }
        },
        "type": "binary-expr",
        "locations": [
          {
            "start": {
              "line": 143,
              "column": 4
            },
            "end": {
              "line": 143,
              "column": 19
            }
          },
          {
            "start": {
              "line": 143,
              "column": 23
            },
            "end": {
              "line": 143,
              "column": 35
            }
          }
        ],
        "line": 143
      },
      "6": {
        "loc": {
          "start": {
            "line": 149,
            "column": 6
          },
          "end": {
            "line": 150,
            "column": 15
          }
        },
        "type": "if",
        "locations": [
          {
            "start": {
              "line": 149,
              "column": 6
            },
            "end": {
              "line": 150,
              "column": 15
            }
          },
          {
            "start": {},
            "end": {}
          }
        ],
        "line": 149
      },
      "7": {
        "loc": {
          "start": {
            "line": 152,
            "column": 6
          },
          "end": {
            "line": 153,
            "column": 54
          }
        },
        "type": "if",
        "locations": [
          {
            "start": {
              "line": 152,
              "column": 6
            },
            "end": {
              "line": 153,
              "column": 54
            }
          },
          {
            "start": {},
            "end": {}
          }
        ],
        "line": 152
      }
    },
    "s": {
      "0": 4,
      "1": 4,
      "2": 4,
      "3": 0,
      "4": 4,
      "5": 4,
      "6": 4,
      "7": 4,
      "8": 4,
      "9": 4,
      "10": 8,
      "11": 4,
      "12": 4,
      "13": 4,
      "14": 4,
      "15": 4,
      "16": 4,
      "17": 4,
      "18": 4,
      "19": 0,
      "20": 0,
      "21": 0,
      "22": 0,
      "23": 0
    },
    "f": {
      "0": 4,
      "1": 8,
      "2": 4,
      "3": 0
    },
    "b": {
      "0": [
        4,
        0
      ],
      "1": [
        4,
        0
      ],
      "2": [
        4,
        4
      ],
      "3": [
        0,
        4
      ],
      "4": [
        4,
        0
      ],
      "5": [
        4,
        4
      ],
      "6": [
        0,
        0
      ],
      "7": [
        0,
        0
      ]
    },
    "inputSourceMap": {
      "version": 3,
      "mappings": "AAYM;AAZN,OAAOA,oBAAkB;AAAA;AAAA;AAAA;AAAA;AAAA;AAAA;AAAA;AAAA;AAAA;AAAA;AAAA;AAAA;AAAA;AAAA;AACzB,SAASC,YAAY;AACrB,OAAO;AACP,OAAO;AACP,OAAOC,YAAY;AACnB,OAAOC,YAAY;AACnB,OAAOC,YAAY;AACnB,OAAOC,YAAY;AAEnB,MAAMC,OAAiBA,MAAM;AAC3B,SACE,uBAAC,SACC;AAAA,2BAAC,YAAD;AAAA;AAAA;AAAA;AAAA,WAAO;AAAA,IACP,uBAAC,SAAI,WAAU,iCACb;AAAA,6BAAC,QAAK,IAAG,QAAO,WAAU,YACxB,iCAAC,SAAI,WAAU,yBACb;AAAA;AAAA,UAAC;AAAA;AAAA,YACC,WAAU;AAAA,YACV,KAAKH;AAAAA,YACL,KAAI;AAAA,YACJ,SAAQ;AAAA;AAAA,UAJV;AAAA;AAAA;AAAA;AAAA;AAAA;AAAA;AAAA;AAAA,QAIgB;AAAA,QAEhB,uBAAC,SAAI,WAAU,aAAW,4FAA1B;AAAA;AAAA;AAAA;AAAA,eAGA;AAAA,WAVF;AAAA;AAAA;AAAA;AAAA,aAWA,KAZF;AAAA;AAAA;AAAA;AAAA,aAaA;AAAA,MACA,uBAAC,QAAK,IAAG,QAAO,WAAU,YACxB,iCAAC,SAAI,WAAU,yBACb;AAAA;AAAA,UAAC;AAAA;AAAA,YACC,WAAU;AAAA,YACV,KAAKC;AAAAA,YACL,KAAI;AAAA,YACJ,SAAQ;AAAA;AAAA,UAJV;AAAA;AAAA;AAAA;AAAA;AAAA;AAAA;AAAA;AAAA,QAIgB;AAAA,QAEhB,uBAAC,SAAI,WAAU,aAAW,4GAA1B;AAAA;AAAA;AAAA;AAAA,eAGA;AAAA,WAVF;AAAA;AAAA;AAAA;AAAA,aAWA,KAZF;AAAA;AAAA;AAAA;AAAA,aAaA;AAAA,MACA,uBAAC,QAAK,IAAG,QAAO,WAAU,YACxB,iCAAC,SAAI,WAAU,mCACb;AAAA;AAAA,UAAC;AAAA;AAAA,YACC,WAAU;AAAA,YACV,KAAKC;AAAAA,YACL,KAAI;AAAA,YACJ,SAAQ;AAAA;AAAA,UAJV;AAAA;AAAA;AAAA;AAAA;AAAA;AAAA;AAAA;AAAA,QAIgB;AAAA,QAEhB,uBAAC,SAAI,WAAU,aAAW,oHAA1B;AAAA;AAAA;AAAA;AAAA,eAGA;AAAA,WAVF;AAAA;AAAA;AAAA;AAAA,aAWA,KAZF;AAAA;AAAA;AAAA;AAAA,aAaA;AAAA,SA1CF;AAAA;AAAA;AAAA;AAAA,WA2CA;AAAA,OA7CF;AAAA;AAAA;AAAA;AAAA,SA8CA;AAEJ;AAAEE,KAlDID;AAoDN,eAAeA;AAAK,IAAAC;AAAAC,aAAAD,IAAA",
      "names": [
        "React",
        "Link",
        "Header",
        "Image1",
        "Image2",
        "Image3",
        "Home",
        "_c",
        "$RefreshReg$"
      ],
      "sources": [
        "/Users/jen/fullstack-ish-typescript/frontend/src/views/Home.tsx"
      ],
      "file": "/Users/jen/fullstack-ish-typescript/frontend/src/views/Home.tsx"
    },
    "_coverageSchema": "1a1c01bbd47fc00a2c39e90264f33305004495a9",
    "hash": "549e358106592f04e87cbce0207332710678a56c"
  },
  "/Users/jen/fullstack-ish-typescript/frontend/src/views/LogEntry.tsx": {
    "path": "/Users/jen/fullstack-ish-typescript/frontend/src/views/LogEntry.tsx",
    "statementMap": {
      "0": {
        "start": {
          "line": 3,
          "column": 20
        },
        "end": {
          "line": 3,
          "column": 97
        }
      },
      "1": {
        "start": {
          "line": 6,
          "column": 0
        },
        "end": {
          "line": 16,
          "column": 1
        }
      },
      "2": {
        "start": {
          "line": 7,
          "column": 2
        },
        "end": {
          "line": 9,
          "column": 3
        }
      },
      "3": {
        "start": {
          "line": 8,
          "column": 4
        },
        "end": {
          "line": 8,
          "column": 165
        }
      },
      "4": {
        "start": {
          "line": 10,
          "column": 2
        },
        "end": {
          "line": 10,
          "column": 39
        }
      },
      "5": {
        "start": {
          "line": 11,
          "column": 2
        },
        "end": {
          "line": 11,
          "column": 39
        }
      },
      "6": {
        "start": {
          "line": 12,
          "column": 2
        },
        "end": {
          "line": 14,
          "column": 4
        }
      },
      "7": {
        "start": {
          "line": 13,
          "column": 4
        },
        "end": {
          "line": 13,
          "column": 111
        }
      },
      "8": {
        "start": {
          "line": 15,
          "column": 2
        },
        "end": {
          "line": 15,
          "column": 75
        }
      },
      "9": {
        "start": {
          "line": 19,
          "column": 17
        },
        "end": {
          "line": 88,
          "column": 1
        }
      },
      "10": {
        "start": {
          "line": 26,
          "column": 22
        },
        "end": {
          "line": 28,
          "column": 3
        }
      },
      "11": {
        "start": {
          "line": 27,
          "column": 4
        },
        "end": {
          "line": 27,
          "column": 27
        }
      },
      "12": {
        "start": {
          "line": 29,
          "column": 23
        },
        "end": {
          "line": 31,
          "column": 3
        }
      },
      "13": {
        "start": {
          "line": 30,
          "column": 4
        },
        "end": {
          "line": 30,
          "column": 27
        }
      },
      "14": {
        "start": {
          "line": 32,
          "column": 21
        },
        "end": {
          "line": 34,
          "column": 3
        }
      },
      "15": {
        "start": {
          "line": 33,
          "column": 4
        },
        "end": {
          "line": 33,
          "column": 25
        }
      },
      "16": {
        "start": {
          "line": 35,
          "column": 2
        },
        "end": {
          "line": 87,
          "column": 11
        }
      },
      "17": {
        "start": {
          "line": 89,
          "column": 0
        },
        "end": {
          "line": 89,
          "column": 14
        }
      },
      "18": {
        "start": {
          "line": 92,
          "column": 0
        },
        "end": {
          "line": 92,
          "column": 29
        }
      },
      "19": {
        "start": {
          "line": 93,
          "column": 0
        },
        "end": {
          "line": 106,
          "column": 1
        }
      },
      "20": {
        "start": {
          "line": 94,
          "column": 2
        },
        "end": {
          "line": 94,
          "column": 39
        }
      },
      "21": {
        "start": {
          "line": 95,
          "column": 2
        },
        "end": {
          "line": 95,
          "column": 39
        }
      },
      "22": {
        "start": {
          "line": 96,
          "column": 2
        },
        "end": {
          "line": 105,
          "column": 5
        }
      },
      "23": {
        "start": {
          "line": 97,
          "column": 4
        },
        "end": {
          "line": 97,
          "column": 137
        }
      },
      "24": {
        "start": {
          "line": 98,
          "column": 4
        },
        "end": {
          "line": 104,
          "column": 7
        }
      },
      "25": {
        "start": {
          "line": 99,
          "column": 6
        },
        "end": {
          "line": 100,
          "column": 15
        }
      },
      "26": {
        "start": {
          "line": 100,
          "column": 8
        },
        "end": {
          "line": 100,
          "column": 15
        }
      },
      "27": {
        "start": {
          "line": 101,
          "column": 32
        },
        "end": {
          "line": 101,
          "column": 115
        }
      },
      "28": {
        "start": {
          "line": 102,
          "column": 6
        },
        "end": {
          "line": 103,
          "column": 54
        }
      },
      "29": {
        "start": {
          "line": 103,
          "column": 8
        },
        "end": {
          "line": 103,
          "column": 54
        }
      }
    },
    "fnMap": {
      "0": {
        "name": "(anonymous_0)",
        "decl": {
          "start": {
            "line": 12,
            "column": 24
          },
          "end": {
            "line": 12,
            "column": 25
          }
        },
        "loc": {
          "start": {
            "line": 12,
            "column": 38
          },
          "end": {
            "line": 14,
            "column": 3
          }
        },
        "line": 12
      },
      "1": {
        "name": "(anonymous_1)",
        "decl": {
          "start": {
            "line": 19,
            "column": 17
          },
          "end": {
            "line": 19,
            "column": 18
          }
        },
        "loc": {
          "start": {
            "line": 25,
            "column": 6
          },
          "end": {
            "line": 88,
            "column": 1
          }
        },
        "line": 25
      },
      "2": {
        "name": "(anonymous_2)",
        "decl": {
          "start": {
            "line": 26,
            "column": 22
          },
          "end": {
            "line": 26,
            "column": 23
          }
        },
        "loc": {
          "start": {
            "line": 26,
            "column": 28
          },
          "end": {
            "line": 28,
            "column": 3
          }
        },
        "line": 26
      },
      "3": {
        "name": "(anonymous_3)",
        "decl": {
          "start": {
            "line": 29,
            "column": 23
          },
          "end": {
            "line": 29,
            "column": 24
          }
        },
        "loc": {
          "start": {
            "line": 29,
            "column": 29
          },
          "end": {
            "line": 31,
            "column": 3
          }
        },
        "line": 29
      },
      "4": {
        "name": "(anonymous_4)",
        "decl": {
          "start": {
            "line": 32,
            "column": 21
          },
          "end": {
            "line": 32,
            "column": 22
          }
        },
        "loc": {
          "start": {
            "line": 32,
            "column": 27
          },
          "end": {
            "line": 34,
            "column": 3
          }
        },
        "line": 32
      },
      "5": {
        "name": "(anonymous_5)",
        "decl": {
          "start": {
            "line": 96,
            "column": 52
          },
          "end": {
            "line": 96,
            "column": 53
          }
        },
        "loc": {
          "start": {
            "line": 96,
            "column": 72
          },
          "end": {
            "line": 105,
            "column": 3
          }
        },
        "line": 96
      },
      "6": {
        "name": "(anonymous_6)",
        "decl": {
          "start": {
            "line": 98,
            "column": 27
          },
          "end": {
            "line": 98,
            "column": 28
          }
        },
        "loc": {
          "start": {
            "line": 98,
            "column": 44
          },
          "end": {
            "line": 104,
            "column": 5
          }
        },
        "line": 98
      }
    },
    "branchMap": {
      "0": {
        "loc": {
          "start": {
            "line": 3,
            "column": 20
          },
          "end": {
            "line": 3,
            "column": 97
          }
        },
        "type": "binary-expr",
        "locations": [
          {
            "start": {
              "line": 3,
              "column": 20
            },
            "end": {
              "line": 3,
              "column": 60
            }
          },
          {
            "start": {
              "line": 3,
              "column": 64
            },
            "end": {
              "line": 3,
              "column": 97
            }
          }
        ],
        "line": 3
      },
      "1": {
        "loc": {
          "start": {
            "line": 6,
            "column": 0
          },
          "end": {
            "line": 16,
            "column": 1
          }
        },
        "type": "if",
        "locations": [
          {
            "start": {
              "line": 6,
              "column": 0
            },
            "end": {
              "line": 16,
              "column": 1
            }
          },
          {
            "start": {},
            "end": {}
          }
        ],
        "line": 6
      },
      "2": {
        "loc": {
          "start": {
            "line": 6,
            "column": 4
          },
          "end": {
            "line": 6,
            "column": 35
          }
        },
        "type": "binary-expr",
        "locations": [
          {
            "start": {
              "line": 6,
              "column": 4
            },
            "end": {
              "line": 6,
              "column": 19
            }
          },
          {
            "start": {
              "line": 6,
              "column": 23
            },
            "end": {
              "line": 6,
              "column": 35
            }
          }
        ],
        "line": 6
      },
      "3": {
        "loc": {
          "start": {
            "line": 7,
            "column": 2
          },
          "end": {
            "line": 9,
            "column": 3
          }
        },
        "type": "if",
        "locations": [
          {
            "start": {
              "line": 7,
              "column": 2
            },
            "end": {
              "line": 9,
              "column": 3
            }
          },
          {
            "start": {},
            "end": {}
          }
        ],
        "line": 7
      },
      "4": {
        "loc": {
          "start": {
            "line": 35,
            "column": 65
          },
          "end": {
            "line": 35,
            "column": 93
          }
        },
        "type": "cond-expr",
        "locations": [
          {
            "start": {
              "line": 35,
              "column": 78
            },
            "end": {
              "line": 35,
              "column": 88
            }
          },
          {
            "start": {
              "line": 35,
              "column": 91
            },
            "end": {
              "line": 35,
              "column": 93
            }
          }
        ],
        "line": 35
      },
      "5": {
        "loc": {
          "start": {
            "line": 58,
            "column": 4
          },
          "end": {
            "line": 82,
            "column": 12
          }
        },
        "type": "binary-expr",
        "locations": [
          {
            "start": {
              "line": 58,
              "column": 4
            },
            "end": {
              "line": 58,
              "column": 14
            }
          },
          {
            "start": {
              "line": 58,
              "column": 34
            },
            "end": {
              "line": 82,
              "column": 12
            }
          }
        ],
        "line": 58
      },
      "6": {
        "loc": {
          "start": {
            "line": 93,
            "column": 0
          },
          "end": {
            "line": 106,
            "column": 1
          }
        },
        "type": "if",
        "locations": [
          {
            "start": {
              "line": 93,
              "column": 0
            },
            "end": {
              "line": 106,
              "column": 1
            }
          },
          {
            "start": {},
            "end": {}
          }
        ],
        "line": 93
      },
      "7": {
        "loc": {
          "start": {
            "line": 93,
            "column": 4
          },
          "end": {
            "line": 93,
            "column": 35
          }
        },
        "type": "binary-expr",
        "locations": [
          {
            "start": {
              "line": 93,
              "column": 4
            },
            "end": {
              "line": 93,
              "column": 19
            }
          },
          {
            "start": {
              "line": 93,
              "column": 23
            },
            "end": {
              "line": 93,
              "column": 35
            }
          }
        ],
        "line": 93
      },
      "8": {
        "loc": {
          "start": {
            "line": 99,
            "column": 6
          },
          "end": {
            "line": 100,
            "column": 15
          }
        },
        "type": "if",
        "locations": [
          {
            "start": {
              "line": 99,
              "column": 6
            },
            "end": {
              "line": 100,
              "column": 15
            }
          },
          {
            "start": {},
            "end": {}
          }
        ],
        "line": 99
      },
      "9": {
        "loc": {
          "start": {
            "line": 102,
            "column": 6
          },
          "end": {
            "line": 103,
            "column": 54
          }
        },
        "type": "if",
        "locations": [
          {
            "start": {
              "line": 102,
              "column": 6
            },
            "end": {
              "line": 103,
              "column": 54
            }
          },
          {
            "start": {},
            "end": {}
          }
        ],
        "line": 102
      }
    },
    "s": {
      "0": 4,
      "1": 4,
      "2": 4,
      "3": 0,
      "4": 4,
      "5": 4,
      "6": 4,
      "7": 4,
      "8": 4,
      "9": 4,
      "10": 0,
      "11": 0,
      "12": 0,
      "13": 0,
      "14": 0,
      "15": 0,
      "16": 0,
      "17": 4,
      "18": 4,
      "19": 4,
      "20": 4,
      "21": 4,
      "22": 4,
      "23": 4,
      "24": 4,
      "25": 0,
      "26": 0,
      "27": 0,
      "28": 0,
      "29": 0
    },
    "f": {
      "0": 4,
      "1": 0,
      "2": 0,
      "3": 0,
      "4": 0,
      "5": 4,
      "6": 0
    },
    "b": {
      "0": [
        4,
        0
      ],
      "1": [
        4,
        0
      ],
      "2": [
        4,
        4
      ],
      "3": [
        0,
        4
      ],
      "4": [
        0,
        0
      ],
      "5": [
        0,
        0
      ],
      "6": [
        4,
        0
      ],
      "7": [
        4,
        4
      ],
      "8": [
        0,
        0
      ],
      "9": [
        0,
        0
      ]
    },
    "inputSourceMap": {
      "version": 3,
      "mappings": "AA4BQ;AA5BR,OAAOA,oBAAkB;AAAA;AAAA;AAAA;AAAA;AAAA;AAAA;AAAA;AAAA;AAAA;AAAA;AAAA;AAAA;AAAA;AAAA;AACzB,SAASC,YAAY;AAErB,OAAO;AAEP,MAAMC,WAAoCA,CAAC;AAAA,EACzCC;AAAAA,EACAC;AAAAA,EACAC;AAAAA,EACAC;AAAAA,EACAC;AACF,MAAM;AACJ,QAAMC,cAAcA,MAAM;AACxBJ,aAASD,IAAIM,QAAQ;AAAA,EACvB;AAEA,QAAMC,eAAeA,MAAM;AACzBL,aAASF,IAAIM,QAAQ;AAAA,EACvB;AAEA,QAAME,aAAaA,MAAM;AACvBL,WAAOH,IAAIM,QAAQ;AAAA,EACrB;AAEA,SACE,uBAAC,SAAI,WAAY,aAAYF,aAAa,aAAa,EAAG,IACxD;AAAA,2BAAC,SAAI,SAASC,aAAY;AAAA;AAAA,MAExB,uBAAC,OAAGL,cAAIS,WAAR;AAAA;AAAA;AAAA;AAAA,aAAgB;AAAA,MAChB,uBAAC,OAAGT,cAAIU,YAAR;AAAA;AAAA;AAAA;AAAA,aAAiB;AAAA,MACjB,uBAAC,OAAGV,cAAIW,QAAR;AAAA;AAAA;AAAA;AAAA,aAAa;AAAA,SAJf;AAAA;AAAA;AAAA;AAAA,WAKA;AAAA,IAECP,cACC,uBAAC,SACC;AAAA,6BAAC,YAAO,SAASG,cAAc,uBAA/B;AAAA;AAAA;AAAA;AAAA,aAAsC;AAAA,MACtC,uBAAC,YAAO,SAASC,YAAY,qBAA7B;AAAA;AAAA;AAAA;AAAA,aAAkC;AAAA,MAClC,uBAAC,QAAK,IAAK,gBAAeR,IAAIM,QAAS,IACrC,iCAAC,YAAO,yBAAR;AAAA;AAAA;AAAA;AAAA,aAAiB,KADnB;AAAA;AAAA;AAAA;AAAA,aAEA;AAAA,SALF;AAAA;AAAA;AAAA;AAAA,WAMA;AAAA,OAfJ;AAAA;AAAA;AAAA;AAAA,SAiBA;AAEJ;AAAEM,KAvCIb;AAyCN,eAAeA;AAAS,IAAAa;AAAAC,aAAAD,IAAA",
      "names": [
        "React",
        "Link",
        "LogEntry",
        "log",
        "onSelect",
        "onDelete",
        "onEdit",
        "isSelected",
        "handleClick",
        "entry_id",
        "handleDelete",
        "handleEdit",
        "content",
        "symptoms",
        "meal",
        "_c",
        "$RefreshReg$"
      ],
      "sources": [
        "/Users/jen/fullstack-ish-typescript/frontend/src/views/LogEntry.tsx"
      ],
      "file": "/Users/jen/fullstack-ish-typescript/frontend/src/views/LogEntry.tsx"
    },
    "_coverageSchema": "1a1c01bbd47fc00a2c39e90264f33305004495a9",
    "hash": "970dbfb5c3c55525c5a7be935151349ffdb47cc7"
  },
  "/Users/jen/fullstack-ish-typescript/frontend/src/views/Log.tsx": {
    "path": "/Users/jen/fullstack-ish-typescript/frontend/src/views/Log.tsx",
    "statementMap": {
      "0": {
        "start": {
          "line": 3,
          "column": 20
        },
        "end": {
          "line": 3,
          "column": 97
        }
      },
      "1": {
        "start": {
          "line": 6,
          "column": 0
        },
        "end": {
          "line": 16,
          "column": 1
        }
      },
      "2": {
        "start": {
          "line": 7,
          "column": 2
        },
        "end": {
          "line": 9,
          "column": 3
        }
      },
      "3": {
        "start": {
          "line": 8,
          "column": 4
        },
        "end": {
          "line": 8,
          "column": 165
        }
      },
      "4": {
        "start": {
          "line": 10,
          "column": 2
        },
        "end": {
          "line": 10,
          "column": 39
        }
      },
      "5": {
        "start": {
          "line": 11,
          "column": 2
        },
        "end": {
          "line": 11,
          "column": 39
        }
      },
      "6": {
        "start": {
          "line": 12,
          "column": 2
        },
        "end": {
          "line": 14,
          "column": 4
        }
      },
      "7": {
        "start": {
          "line": 13,
          "column": 4
        },
        "end": {
          "line": 13,
          "column": 106
        }
      },
      "8": {
        "start": {
          "line": 15,
          "column": 2
        },
        "end": {
          "line": 15,
          "column": 75
        }
      },
      "9": {
        "start": {
          "line": 17,
          "column": 9
        },
        "end": {
          "line": 17,
          "column": 23
        }
      },
      "10": {
        "start": {
          "line": 24,
          "column": 19
        },
        "end": {
          "line": 32,
          "column": 1
        }
      },
      "11": {
        "start": {
          "line": 25,
          "column": 2
        },
        "end": {
          "line": 27,
          "column": 3
        }
      },
      "12": {
        "start": {
          "line": 26,
          "column": 4
        },
        "end": {
          "line": 26,
          "column": 14
        }
      },
      "13": {
        "start": {
          "line": 28,
          "column": 2
        },
        "end": {
          "line": 30,
          "column": 3
        }
      },
      "14": {
        "start": {
          "line": 29,
          "column": 4
        },
        "end": {
          "line": 29,
          "column": 16
        }
      },
      "15": {
        "start": {
          "line": 31,
          "column": 2
        },
        "end": {
          "line": 31,
          "column": 36
        }
      },
      "16": {
        "start": {
          "line": 33,
          "column": 21
        },
        "end": {
          "line": 378,
          "column": 1
        }
      },
      "17": {
        "start": {
          "line": 34,
          "column": 2
        },
        "end": {
          "line": 34,
          "column": 7
        }
      },
      "18": {
        "start": {
          "line": 35,
          "column": 32
        },
        "end": {
          "line": 42,
          "column": 4
        }
      },
      "19": {
        "start": {
          "line": 43,
          "column": 26
        },
        "end": {
          "line": 43,
          "column": 38
        }
      },
      "20": {
        "start": {
          "line": 44,
          "column": 40
        },
        "end": {
          "line": 44,
          "column": 52
        }
      },
      "21": {
        "start": {
          "line": 45,
          "column": 42
        },
        "end": {
          "line": 45,
          "column": 78
        }
      },
      "22": {
        "start": {
          "line": 46,
          "column": 44
        },
        "end": {
          "line": 46,
          "column": 58
        }
      },
      "23": {
        "start": {
          "line": 47,
          "column": 36
        },
        "end": {
          "line": 47,
          "column": 51
        }
      },
      "24": {
        "start": {
          "line": 48,
          "column": 46
        },
        "end": {
          "line": 48,
          "column": 61
        }
      },
      "25": {
        "start": {
          "line": 49,
          "column": 23
        },
        "end": {
          "line": 55,
          "column": 3
        }
      },
      "26": {
        "start": {
          "line": 50,
          "column": 4
        },
        "end": {
          "line": 53,
          "column": 8
        }
      },
      "27": {
        "start": {
          "line": 50,
          "column": 33
        },
        "end": {
          "line": 53,
          "column": 5
        }
      },
      "28": {
        "start": {
          "line": 54,
          "column": 4
        },
        "end": {
          "line": 54,
          "column": 28
        }
      },
      "29": {
        "start": {
          "line": 56,
          "column": 20
        },
        "end": {
          "line": 66,
          "column": 3
        }
      },
      "30": {
        "start": {
          "line": 57,
          "column": 4
        },
        "end": {
          "line": 64,
          "column": 7
        }
      },
      "31": {
        "start": {
          "line": 65,
          "column": 4
        },
        "end": {
          "line": 65,
          "column": 24
        }
      },
      "32": {
        "start": {
          "line": 67,
          "column": 20
        },
        "end": {
          "line": 77,
          "column": 3
        }
      },
      "33": {
        "start": {
          "line": 68,
          "column": 28
        },
        "end": {
          "line": 68,
          "column": 72
        }
      },
      "34": {
        "start": {
          "line": 68,
          "column": 47
        },
        "end": {
          "line": 68,
          "column": 71
        }
      },
      "35": {
        "start": {
          "line": 69,
          "column": 4
        },
        "end": {
          "line": 76,
          "column": 5
        }
      },
      "36": {
        "start": {
          "line": 70,
          "column": 6
        },
        "end": {
          "line": 73,
          "column": 9
        }
      },
      "37": {
        "start": {
          "line": 74,
          "column": 6
        },
        "end": {
          "line": 74,
          "column": 25
        }
      },
      "38": {
        "start": {
          "line": 75,
          "column": 6
        },
        "end": {
          "line": 75,
          "column": 40
        }
      },
      "39": {
        "start": {
          "line": 78,
          "column": 23
        },
        "end": {
          "line": 132,
          "column": 3
        }
      },
      "40": {
        "start": {
          "line": 79,
          "column": 4
        },
        "end": {
          "line": 79,
          "column": 23
        }
      },
      "41": {
        "start": {
          "line": 80,
          "column": 4
        },
        "end": {
          "line": 131,
          "column": 5
        }
      },
      "42": {
        "start": {
          "line": 81,
          "column": 28
        },
        "end": {
          "line": 81,
          "column": 52
        }
      },
      "43": {
        "start": {
          "line": 82,
          "column": 6
        },
        "end": {
          "line": 128,
          "column": 7
        }
      },
      "44": {
        "start": {
          "line": 83,
          "column": 8
        },
        "end": {
          "line": 83,
          "column": 78
        }
      },
      "45": {
        "start": {
          "line": 84,
          "column": 8
        },
        "end": {
          "line": 84,
          "column": 60
        }
      },
      "46": {
        "start": {
          "line": 85,
          "column": 8
        },
        "end": {
          "line": 85,
          "column": 68
        }
      },
      "47": {
        "start": {
          "line": 86,
          "column": 8
        },
        "end": {
          "line": 86,
          "column": 56
        }
      },
      "48": {
        "start": {
          "line": 87,
          "column": 25
        },
        "end": {
          "line": 99,
          "column": 9
        }
      },
      "49": {
        "start": {
          "line": 100,
          "column": 8
        },
        "end": {
          "line": 109,
          "column": 9
        }
      },
      "50": {
        "start": {
          "line": 101,
          "column": 10
        },
        "end": {
          "line": 101,
          "column": 56
        }
      },
      "51": {
        "start": {
          "line": 102,
          "column": 10
        },
        "end": {
          "line": 102,
          "column": 22
        }
      },
      "52": {
        "start": {
          "line": 103,
          "column": 10
        },
        "end": {
          "line": 103,
          "column": 30
        }
      },
      "53": {
        "start": {
          "line": 104,
          "column": 10
        },
        "end": {
          "line": 104,
          "column": 35
        }
      },
      "54": {
        "start": {
          "line": 105,
          "column": 10
        },
        "end": {
          "line": 105,
          "column": 33
        }
      },
      "55": {
        "start": {
          "line": 106,
          "column": 10
        },
        "end": {
          "line": 106,
          "column": 22
        }
      },
      "56": {
        "start": {
          "line": 108,
          "column": 10
        },
        "end": {
          "line": 108,
          "column": 54
        }
      },
      "57": {
        "start": {
          "line": 111,
          "column": 25
        },
        "end": {
          "line": 120,
          "column": 10
        }
      },
      "58": {
        "start": {
          "line": 121,
          "column": 8
        },
        "end": {
          "line": 127,
          "column": 9
        }
      },
      "59": {
        "start": {
          "line": 122,
          "column": 10
        },
        "end": {
          "line": 122,
          "column": 54
        }
      },
      "60": {
        "start": {
          "line": 123,
          "column": 10
        },
        "end": {
          "line": 123,
          "column": 22
        }
      },
      "61": {
        "start": {
          "line": 124,
          "column": 10
        },
        "end": {
          "line": 124,
          "column": 22
        }
      },
      "62": {
        "start": {
          "line": 126,
          "column": 10
        },
        "end": {
          "line": 126,
          "column": 51
        }
      },
      "63": {
        "start": {
          "line": 130,
          "column": 6
        },
        "end": {
          "line": 130,
          "column": 61
        }
      },
      "64": {
        "start": {
          "line": 133,
          "column": 20
        },
        "end": {
          "line": 150,
          "column": 3
        }
      },
      "65": {
        "start": {
          "line": 134,
          "column": 4
        },
        "end": {
          "line": 149,
          "column": 5
        }
      },
      "66": {
        "start": {
          "line": 135,
          "column": 19
        },
        "end": {
          "line": 135,
          "column": 30
        }
      },
      "67": {
        "start": {
          "line": 136,
          "column": 6
        },
        "end": {
          "line": 139,
          "column": 7
        }
      },
      "68": {
        "start": {
          "line": 137,
          "column": 30
        },
        "end": {
          "line": 137,
          "column": 54
        }
      },
      "69": {
        "start": {
          "line": 138,
          "column": 8
        },
        "end": {
          "line": 138,
          "column": 43
        }
      },
      "70": {
        "start": {
          "line": 140,
          "column": 23
        },
        "end": {
          "line": 140,
          "column": 42
        }
      },
      "71": {
        "start": {
          "line": 141,
          "column": 19
        },
        "end": {
          "line": 141,
          "column": 40
        }
      },
      "72": {
        "start": {
          "line": 142,
          "column": 6
        },
        "end": {
          "line": 142,
          "column": 45
        }
      },
      "73": {
        "start": {
          "line": 143,
          "column": 23
        },
        "end": {
          "line": 143,
          "column": 86
        }
      },
      "74": {
        "start": {
          "line": 143,
          "column": 44
        },
        "end": {
          "line": 143,
          "column": 52
        }
      },
      "75": {
        "start": {
          "line": 143,
          "column": 67
        },
        "end": {
          "line": 143,
          "column": 85
        }
      },
      "76": {
        "start": {
          "line": 144,
          "column": 6
        },
        "end": {
          "line": 144,
          "column": 38
        }
      },
      "77": {
        "start": {
          "line": 145,
          "column": 6
        },
        "end": {
          "line": 145,
          "column": 20
        }
      },
      "78": {
        "start": {
          "line": 146,
          "column": 6
        },
        "end": {
          "line": 146,
          "column": 31
        }
      },
      "79": {
        "start": {
          "line": 148,
          "column": 6
        },
        "end": {
          "line": 148,
          "column": 50
        }
      },
      "80": {
        "start": {
          "line": 151,
          "column": 27
        },
        "end": {
          "line": 161,
          "column": 3
        }
      },
      "81": {
        "start": {
          "line": 152,
          "column": 4
        },
        "end": {
          "line": 160,
          "column": 5
        }
      },
      "82": {
        "start": {
          "line": 153,
          "column": 23
        },
        "end": {
          "line": 153,
          "column": 61
        }
      },
      "83": {
        "start": {
          "line": 154,
          "column": 19
        },
        "end": {
          "line": 154,
          "column": 40
        }
      },
      "84": {
        "start": {
          "line": 155,
          "column": 6
        },
        "end": {
          "line": 155,
          "column": 53
        }
      },
      "85": {
        "start": {
          "line": 156,
          "column": 25
        },
        "end": {
          "line": 156,
          "column": 69
        }
      },
      "86": {
        "start": {
          "line": 156,
          "column": 49
        },
        "end": {
          "line": 156,
          "column": 68
        }
      },
      "87": {
        "start": {
          "line": 157,
          "column": 6
        },
        "end": {
          "line": 157,
          "column": 33
        }
      },
      "88": {
        "start": {
          "line": 159,
          "column": 6
        },
        "end": {
          "line": 159,
          "column": 58
        }
      },
      "89": {
        "start": {
          "line": 162,
          "column": 2
        },
        "end": {
          "line": 168,
          "column": 21
        }
      },
      "90": {
        "start": {
          "line": 163,
          "column": 22
        },
        "end": {
          "line": 166,
          "column": 5
        }
      },
      "91": {
        "start": {
          "line": 164,
          "column": 6
        },
        "end": {
          "line": 164,
          "column": 24
        }
      },
      "92": {
        "start": {
          "line": 165,
          "column": 6
        },
        "end": {
          "line": 165,
          "column": 31
        }
      },
      "93": {
        "start": {
          "line": 167,
          "column": 4
        },
        "end": {
          "line": 167,
          "column": 16
        }
      },
      "94": {
        "start": {
          "line": 169,
          "column": 22
        },
        "end": {
          "line": 178,
          "column": 3
        }
      },
      "95": {
        "start": {
          "line": 170,
          "column": 4
        },
        "end": {
          "line": 176,
          "column": 5
        }
      },
      "96": {
        "start": {
          "line": 171,
          "column": 6
        },
        "end": {
          "line": 175,
          "column": 22
        }
      },
      "97": {
        "start": {
          "line": 171,
          "column": 46
        },
        "end": {
          "line": 171,
          "column": 73
        }
      },
      "98": {
        "start": {
          "line": 177,
          "column": 4
        },
        "end": {
          "line": 177,
          "column": 16
        }
      },
      "99": {
        "start": {
          "line": 179,
          "column": 21
        },
        "end": {
          "line": 181,
          "column": 3
        }
      },
      "100": {
        "start": {
          "line": 180,
          "column": 4
        },
        "end": {
          "line": 180,
          "column": 27
        }
      },
      "101": {
        "start": {
          "line": 182,
          "column": 22
        },
        "end": {
          "line": 187,
          "column": 3
        }
      },
      "102": {
        "start": {
          "line": 183,
          "column": 28
        },
        "end": {
          "line": 183,
          "column": 72
        }
      },
      "103": {
        "start": {
          "line": 183,
          "column": 47
        },
        "end": {
          "line": 183,
          "column": 71
        }
      },
      "104": {
        "start": {
          "line": 184,
          "column": 4
        },
        "end": {
          "line": 184,
          "column": 46
        }
      },
      "105": {
        "start": {
          "line": 185,
          "column": 4
        },
        "end": {
          "line": 185,
          "column": 45
        }
      },
      "106": {
        "start": {
          "line": 186,
          "column": 4
        },
        "end": {
          "line": 186,
          "column": 50
        }
      },
      "107": {
        "start": {
          "line": 188,
          "column": 22
        },
        "end": {
          "line": 202,
          "column": 3
        }
      },
      "108": {
        "start": {
          "line": 189,
          "column": 4
        },
        "end": {
          "line": 201,
          "column": 5
        }
      },
      "109": {
        "start": {
          "line": 190,
          "column": 23
        },
        "end": {
          "line": 192,
          "column": 8
        }
      },
      "110": {
        "start": {
          "line": 193,
          "column": 6
        },
        "end": {
          "line": 198,
          "column": 7
        }
      },
      "111": {
        "start": {
          "line": 194,
          "column": 8
        },
        "end": {
          "line": 194,
          "column": 79
        }
      },
      "112": {
        "start": {
          "line": 195,
          "column": 8
        },
        "end": {
          "line": 195,
          "column": 20
        }
      },
      "113": {
        "start": {
          "line": 197,
          "column": 8
        },
        "end": {
          "line": 197,
          "column": 77
        }
      },
      "114": {
        "start": {
          "line": 200,
          "column": 6
        },
        "end": {
          "line": 200,
          "column": 55
        }
      },
      "115": {
        "start": {
          "line": 203,
          "column": 2
        },
        "end": {
          "line": 377,
          "column": 11
        }
      },
      "116": {
        "start": {
          "line": 345,
          "column": 6
        },
        "end": {
          "line": 345,
          "column": 49
        }
      },
      "117": {
        "start": {
          "line": 346,
          "column": 6
        },
        "end": {
          "line": 363,
          "column": 8
        }
      },
      "118": {
        "start": {
          "line": 379,
          "column": 0
        },
        "end": {
          "line": 379,
          "column": 49
        }
      },
      "119": {
        "start": {
          "line": 380,
          "column": 0
        },
        "end": {
          "line": 380,
          "column": 18
        }
      },
      "120": {
        "start": {
          "line": 383,
          "column": 0
        },
        "end": {
          "line": 383,
          "column": 33
        }
      },
      "121": {
        "start": {
          "line": 384,
          "column": 0
        },
        "end": {
          "line": 397,
          "column": 1
        }
      },
      "122": {
        "start": {
          "line": 385,
          "column": 2
        },
        "end": {
          "line": 385,
          "column": 39
        }
      },
      "123": {
        "start": {
          "line": 386,
          "column": 2
        },
        "end": {
          "line": 386,
          "column": 39
        }
      },
      "124": {
        "start": {
          "line": 387,
          "column": 2
        },
        "end": {
          "line": 396,
          "column": 5
        }
      },
      "125": {
        "start": {
          "line": 388,
          "column": 4
        },
        "end": {
          "line": 388,
          "column": 132
        }
      },
      "126": {
        "start": {
          "line": 389,
          "column": 4
        },
        "end": {
          "line": 395,
          "column": 7
        }
      },
      "127": {
        "start": {
          "line": 390,
          "column": 6
        },
        "end": {
          "line": 391,
          "column": 15
        }
      },
      "128": {
        "start": {
          "line": 391,
          "column": 8
        },
        "end": {
          "line": 391,
          "column": 15
        }
      },
      "129": {
        "start": {
          "line": 392,
          "column": 32
        },
        "end": {
          "line": 392,
          "column": 115
        }
      },
      "130": {
        "start": {
          "line": 393,
          "column": 6
[...]
      "1": 0,
      "2": 0,
      "3": 0,
      "4": 0,
      "5": 0,
      "6": 0,
      "7": 0,
      "8": 0,
      "9": 0,
      "10": 0,
      "11": 0,
      "12": 0,
      "13": 0,
      "14": 4,
      "15": 0
    },
    "b": {
      "0": [
        4,
        0
      ],
      "1": [
        4,
        0
      ],
      "2": [
        4,
        4
      ],
      "3": [
        0,
        4
      ],
      "4": [
        0,
        0
      ],
      "5": [
        0,
        0
      ],
      "6": [
        0,
        0
      ],
      "7": [
        0,
        0
      ],
      "8": [
        0,
        0
      ],
      "9": [
        0,
        0
      ],
      "10": [
        0,
        0
      ],
      "11": [
        0,
        0
      ],
      "12": [
        4,
        0
      ],
      "13": [
        4,
        4
      ],
      "14": [
        0,
        0
      ],
      "15": [
        0,
        0
      ]
    },
    "inputSourceMap": {
      "version": 3,
      "mappings": "AA4EM;2BA5EN;AAAgBA,MAAUC,cAAS,OAAQ,sBAAO;AAAA;AAAA;AAAA;AAAA;AAAA;AAAA;AAAA;AAAA;AAAA;AAAA;AAAA;AAAA;AAAA;AAAA;AAAA;AAClD,SAASC,iBAAiB;AAG1B,MAAMC,YAAsBA,MAAM;AAAAC,KAAA;AAChC,QAAM,CAACC,OAAOC,QAAQ,IAAIN,SAA0B,IAAI;AACxD,QAAM,CAACO,aAAaC,cAAc,IAAIR,SAAqB,IAAI;AAC/D,QAAM,CAACS,cAAcC,eAAe,IAAIV;AAAAA,IACtC,CAAC;AAAA,EACH;AACA,QAAM,CAACW,iBAAiBC,kBAAkB,IAAIZ,SAE3C,CAAC,CAAC;AAEL,QAAM,EAAEa,QAAQ,IAAIX,UAA+B;AACnD,QAAMY,eAAyB;AAAA,IAC7B;AAAA,IACA;AAAA,IACA;AAAA,IACA;AAAA,IACA;AAAA,IACA;AAAA,IACA;AAAA,EAAQ;AAGV,QAAMC,YAAY,YAAY;AAC5B,QAAI;AACF,YAAMC,WAAW,MAAMC,MAAM,2BAA2B;AACxD,UAAI,CAACD,SAASE,IAAI;AAChB,cAAMC,YAAsB;AAAA,UAC1BC,QAAQJ,SAASI;AAAAA,UACjBC,SAAU,8CAA6CL,SAASI,MAAO;AAAA,QACzE;AACA,cAAMD;AAAAA,MACR;AAEA,YAAMG,OAAc,MAAMN,SAASO,KAAK;AAExC,YAAMC,kBAAkBF,KAAKG;AAAAA,QAC3B,CAACC,QAAQA,IAAIC,aAAaC,OAAOf,OAAO;AAAA,MAC1C;AACAL,qBAAegB,mBAAmB,IAAI;AAAA,IACxC,SAASL,WAAoB;AAC3B,UAAIA,qBAAqBU,OAAO;AAC9BC,gBAAQzB,MAAM,+BAA+Bc,UAAUE,OAAO;AAC9Df,iBAAS;AAAA,UACPc,QAAQ;AAAA,UACRC,SAAU,oBAAmBF,UAAUE,OAAQ;AAAA,QACjD,CAAC;AAAA,MACH;AAAA,IACF;AAAA,EACF;AAEApB,YAAU,MAAM;AACdc,cAAU;AAAA,EACZ,GAAG,CAACF,OAAO,CAAC;AAEZ,QAAMkB,wBAAwBA,CAC5BC,SACAC,MACG;AACH,UAAMC,iBAAiBC,SAASF,EAAEG,OAAOC,OAAO,CAAC,KAAK;AACtDzB,uBAAmB,CAAC0B,yBAAyB;AAAA,MAC3C,GAAGA;AAAAA,MACH,CAACN,OAAO,GAAGE;AAAAA,IACb,EAAE;AAAA,EACJ;AAEA,QAAMK,8BAA8BA,CAACP,YAAoB;AACvDtB,oBAAgB,CAAC8B,sBAAsB;AAAA,MACrC,GAAGA;AAAAA,MACH,CAACR,OAAO,GAAG,CAACQ,iBAAiBR,OAAO;AAAA,IACtC,EAAE;AAAA,EACJ;AACA,SACE,uBAAC,SAAI,WAAU,aACb;AAAA,2BAAC,QAAG,4BAAJ;AAAA;AAAA;AAAA;AAAA,WAAgB;AAAA,IACf3B,QACC,uBAAC,OAAI,8BAAmBA,MAAMe,MAAO,MAAKf,MAAMgB,OAAQ,MAAxD;AAAA;AAAA;AAAA;AAAA,WAA0D,IAE1D,uBAAC,SACEd,wBACC,uBAAC,SACC;AAAA,6BAAC,OACC;AAAA,+BAAC,YAAO,sBAAR;AAAA;AAAA;AAAA;AAAA,eAAc;AAAA,QAAS;AAAA,QAAEA,YAAYkC;AAAAA,WADvC;AAAA;AAAA;AAAA;AAAA,aAEA;AAAA,MACA,uBAAC,OACC;AAAA,+BAAC,YAAO,yBAAR;AAAA;AAAA;AAAA;AAAA,eAAiB;AAAA,QAAS;AAAA,QAAElC,YAAYmC;AAAAA,WAD1C;AAAA;AAAA;AAAA;AAAA,aAEA;AAAA,MACA,uBAAC,OACC;AAAA,+BAAC,YAAO,uBAAR;AAAA;AAAA;AAAA;AAAA,eAAe;AAAA,QAAS;AAAA,QAAEnC,YAAYoC;AAAAA,WADxC;AAAA;AAAA;AAAA;AAAA,aAEA;AAAA,MACA,uBAAC,OACC;AAAA,+BAAC,YAAO,uBAAR;AAAA;AAAA;AAAA;AAAA,eAAe;AAAA,QAAS;AAAA,QAAEpC,YAAYqC;AAAAA,WADxC;AAAA;AAAA;AAAA;AAAA,aAEA;AAAA,MACA,uBAAC,SAAI,WAAU,6BACZ9B,uBAAa+B;AAAAA,QAAI,CAACb,YACjB,uBAAC,SAAkB,WAAU,4BAC3B;AAAA;AAAA,YAAC;AAAA;AAAA,cACC,WAAY;AAAA,cACZ,gBAAcA;AAAAA,cACd,SAAS,MAAMO,4BAA4BP,OAAO;AAAA,cAEjDA;AAAAA;AAAAA,YALH;AAAA;AAAA;AAAA;AAAA;AAAA;AAAA;AAAA;AAAA,UAMA;AAAA,UACCvB,aAAauB,OAAO,KACnB;AAAA,YAAC;AAAA;AAAA,cACC,WAAY;AAAA,cACZ,OAAOrB,gBAAgBqB,OAAO,KAAK;AAAA,cACnC,UAAU,CAACC,MAAMF,sBAAsBC,SAASC,CAAC;AAAA,cAEhD,WAAC,GAAG,GAAG,GAAG,GAAG,GAAG,CAAC,EAAEY;AAAAA,gBAAI,CAACR,UACvB,uBAAC,YAAmB,OACjBA,mBADUA,OAAb;AAAA;AAAA;AAAA;AAAA,uBAEA;AAAA,cACD;AAAA;AAAA,YATH;AAAA;AAAA;AAAA;AAAA;AAAA;AAAA;AAAA;AAAA,UAUA;AAAA,aAnBML,SAAV;AAAA;AAAA;AAAA;AAAA,eAqBA;AAAA,MACD,KAxBH;AAAA;AAAA;AAAA;AAAA,aAyBA;AAAA,SAtCF;AAAA;AAAA;AAAA;AAAA,WAuCA,IAEA,uBAAC,OAAE,qDAAH;AAAA;AAAA;AAAA;AAAA,WAAwC,KA3C5C;AAAA;AAAA;AAAA;AAAA,WA6CA;AAAA,OAlDJ;AAAA;AAAA;AAAA;AAAA,SAoDA;AAEJ;AAAE5B,GA7HID,WAAmB;AAAA,UAUHD,SAAS;AAAA;AAAA4C,KAVzB3C;AA+HN,eAAeA;AAAU,IAAA2C;AAAAC,aAAAD,IAAA",
      "names": [
        "useState",
        "useEffect",
        "useParams",
        "SavedLogs",
        "_s",
        "error",
        "setError",
        "selectedLog",
        "setSelectedLog",
        "buttonStates",
        "setButtonStates",
        "intensityValues",
        "setIntensityValues",
        "entryId",
        "symptomsList",
        "fetchLogs",
        "response",
        "fetch",
        "ok",
        "errorData",
        "status",
        "message",
        "data",
        "json",
        "selectedLogItem",
        "find",
        "log",
        "entry_id",
        "Number",
        "Error",
        "console",
        "handleIntensityChange",
        "symptom",
        "e",
        "intensityValue",
        "parseInt",
        "target",
        "value",
        "prevIntensityValues",
        "handleShowIntensityDropdown",
        "prevButtonStates",
        "date",
        "content",
        "symptoms",
        "meal",
        "map",
        "_c",
        "$RefreshReg$"
      ],
      "sources": [
        "/Users/jen/fullstack-ish-typescript/frontend/src/components/SavedLogs.tsx"
      ],
      "file": "/Users/jen/fullstack-ish-typescript/frontend/src/components/SavedLogs.tsx"
    },
    "_coverageSchema": "1a1c01bbd47fc00a2c39e90264f33305004495a9",
    "hash": "653d44e69c1a5573007fa1c873c014fb91d50cc1"
  },
  "/Users/jen/fullstack-ish-typescript/frontend/src/App.tsx": {
    "path": "/Users/jen/fullstack-ish-typescript/frontend/src/App.tsx",
    "statementMap": {
      "0": {
        "start": {
          "line": 3,
          "column": 20
        },
        "end": {
          "line": 3,
          "column": 97
        }
      },
      "1": {
        "start": {
          "line": 6,
          "column": 0
        },
        "end": {
          "line": 16,
          "column": 1
        }
      },
      "2": {
        "start": {
          "line": 7,
          "column": 2
        },
        "end": {
          "line": 9,
          "column": 3
        }
      },
      "3": {
        "start": {
          "line": 8,
          "column": 4
        },
        "end": {
          "line": 8,
          "column": 165
        }
      },
      "4": {
        "start": {
          "line": 10,
          "column": 2
        },
        "end": {
          "line": 10,
          "column": 39
        }
      },
      "5": {
        "start": {
          "line": 11,
          "column": 2
        },
        "end": {
          "line": 11,
          "column": 39
        }
      },
      "6": {
        "start": {
          "line": 12,
          "column": 2
        },
        "end": {
          "line": 14,
          "column": 4
        }
      },
      "7": {
        "start": {
          "line": 13,
          "column": 4
        },
        "end": {
          "line": 13,
          "column": 100
        }
      },
      "8": {
        "start": {
          "line": 15,
          "column": 2
        },
        "end": {
          "line": 15,
          "column": 75
        }
      },
      "9": {
        "start": {
          "line": 25,
          "column": 2
        },
        "end": {
          "line": 81,
          "column": 11
        }
      },
      "10": {
        "start": {
          "line": 83,
          "column": 0
        },
        "end": {
          "line": 83,
          "column": 9
        }
      },
      "11": {
        "start": {
          "line": 86,
          "column": 0
        },
        "end": {
          "line": 86,
          "column": 24
        }
      },
      "12": {
        "start": {
          "line": 87,
          "column": 0
        },
        "end": {
          "line": 100,
          "column": 1
        }
      },
      "13": {
        "start": {
          "line": 88,
          "column": 2
        },
        "end": {
          "line": 88,
          "column": 39
        }
      },
      "14": {
        "start": {
          "line": 89,
          "column": 2
        },
        "end": {
          "line": 89,
          "column": 39
        }
      },
      "15": {
        "start": {
          "line": 90,
          "column": 2
        },
        "end": {
          "line": 99,
          "column": 5
        }
      },
      "16": {
        "start": {
          "line": 91,
          "column": 4
        },
        "end": {
          "line": 91,
          "column": 126
        }
      },
      "17": {
        "start": {
          "line": 92,
          "column": 4
        },
        "end": {
          "line": 98,
          "column": 7
        }
      },
      "18": {
        "start": {
          "line": 93,
          "column": 6
        },
        "end": {
          "line": 94,
          "column": 15
        }
      },
      "19": {
        "start": {
          "line": 94,
          "column": 8
        },
        "end": {
          "line": 94,
          "column": 15
        }
      },
      "20": {
        "start": {
          "line": 95,
          "column": 32
        },
        "end": {
          "line": 95,
          "column": 115
        }
      },
      "21": {
        "start": {
          "line": 96,
          "column": 6
        },
        "end": {
          "line": 97,
          "column": 54
        }
      },
      "22": {
        "start": {
          "line": 97,
          "column": 8
        },
        "end": {
          "line": 97,
          "column": 54
        }
      }
    },
    "fnMap": {
      "0": {
        "name": "(anonymous_0)",
        "decl": {
          "start": {
            "line": 12,
            "column": 24
          },
          "end": {
            "line": 12,
            "column": 25
          }
        },
        "loc": {
          "start": {
            "line": 12,
            "column": 38
          },
          "end": {
            "line": 14,
            "column": 3
          }
        },
        "line": 12
      },
      "1": {
        "name": "App",
        "decl": {
          "start": {
            "line": 24,
            "column": 9
          },
          "end": {
            "line": 24,
            "column": 12
          }
        },
        "loc": {
          "start": {
            "line": 24,
            "column": 15
          },
          "end": {
            "line": 82,
            "column": 1
          }
        },
        "line": 24
      },
      "2": {
        "name": "(anonymous_2)",
        "decl": {
          "start": {
            "line": 90,
            "column": 52
          },
          "end": {
            "line": 90,
            "column": 53
          }
        },
        "loc": {
          "start": {
            "line": 90,
            "column": 72
          },
          "end": {
            "line": 99,
            "column": 3
          }
        },
        "line": 90
      },
      "3": {
        "name": "(anonymous_3)",
        "decl": {
          "start": {
            "line": 92,
            "column": 27
          },
          "end": {
            "line": 92,
            "column": 28
          }
        },
        "loc": {
          "start": {
            "line": 92,
            "column": 44
          },
          "end": {
            "line": 98,
            "column": 5
          }
        },
        "line": 92
      }
    },
    "branchMap": {
      "0": {
        "loc": {
          "start": {
            "line": 3,
            "column": 20
          },
          "end": {
            "line": 3,
            "column": 97
          }
        },
        "type": "binary-expr",
        "locations": [
          {
            "start": {
              "line": 3,
              "column": 20
            },
            "end": {
              "line": 3,
              "column": 60
            }
          },
          {
            "start": {
              "line": 3,
              "column": 64
            },
            "end": {
              "line": 3,
              "column": 97
            }
          }
        ],
        "line": 3
      },
      "1": {
        "loc": {
          "start": {
            "line": 6,
            "column": 0
          },
          "end": {
            "line": 16,
            "column": 1
          }
        },
        "type": "if",
        "locations": [
          {
            "start": {
              "line": 6,
              "column": 0
            },
            "end": {
              "line": 16,
              "column": 1
            }
          },
          {
            "start": {},
            "end": {}
          }
        ],
        "line": 6
      },
      "2": {
        "loc": {
          "start": {
            "line": 6,
            "column": 4
          },
          "end": {
            "line": 6,
            "column": 35
          }
        },
        "type": "binary-expr",
        "locations": [
          {
            "start": {
              "line": 6,
              "column": 4
            },
            "end": {
              "line": 6,
              "column": 19
            }
          },
          {
            "start": {
              "line": 6,
              "column": 23
            },
            "end": {
              "line": 6,
              "column": 35
            }
          }
        ],
        "line": 6
      },
      "3": {
        "loc": {
          "start": {
            "line": 7,
            "column": 2
          },
          "end": {
            "line": 9,
            "column": 3
          }
        },
        "type": "if",
        "locations": [
          {
            "start": {
              "line": 7,
              "column": 2
            },
            "end": {
              "line": 9,
              "column": 3
            }
          },
          {
            "start": {},
            "end": {}
          }
        ],
        "line": 7
      },
      "4": {
        "loc": {
          "start": {
            "line": 87,
            "column": 0
          },
          "end": {
            "line": 100,
            "column": 1
          }
        },
        "type": "if",
        "locations": [
          {
            "start": {
              "line": 87,
              "column": 0
            },
            "end": {
              "line": 100,
              "column": 1
            }
          },
          {
            "start": {},
            "end": {}
          }
        ],
        "line": 87
      },
      "5": {
        "loc": {
          "start": {
            "line": 87,
            "column": 4
          },
          "end": {
            "line": 87,
            "column": 35
          }
        },
        "type": "binary-expr",
        "locations": [
          {
            "start": {
              "line": 87,
              "column": 4
            },
            "end": {
              "line": 87,
              "column": 19
            }
          },
          {
            "start": {
              "line": 87,
              "column": 23
            },
            "end": {
              "line": 87,
              "column": 35
            }
          }
        ],
        "line": 87
      },
      "6": {
        "loc": {
          "start": {
            "line": 93,
            "column": 6
          },
          "end": {
            "line": 94,
            "column": 15
          }
        },
        "type": "if",
        "locations": [
          {
            "start": {
              "line": 93,
              "column": 6
            },
            "end": {
              "line": 94,
              "column": 15
            }
          },
          {
            "start": {},
            "end": {}
          }
        ],
        "line": 93
      },
      "7": {
        "loc": {
          "start": {
            "line": 96,
            "column": 6
          },
          "end": {
            "line": 97,
            "column": 54
          }
        },
        "type": "if",
        "locations": [
          {
            "start": {
              "line": 96,
              "column": 6
            },
            "end": {
              "line": 97,
              "column": 54
            }
          },
          {
            "start": {},
            "end": {}
          }
        ],
        "line": 96
      }
    },
    "s": {
      "0": 4,
      "1": 4,
      "2": 4,
      "3": 0,
      "4": 4,
      "5": 4,
      "6": 4,
      "7": 4,
      "8": 4,
      "9": 8,
      "10": 4,
      "11": 4,
      "12": 4,
      "13": 4,
      "14": 4,
      "15": 4,
      "16": 4,
      "17": 4,
      "18": 0,
      "19": 0,
      "20": 0,
      "21": 0,
      "22": 0
    },
    "f": {
      "0": 4,
      "1": 8,
      "2": 4,
      "3": 0
    },
    "b": {
      "0": [
        4,
        0
      ],
      "1": [
        4,
        0
      ],
      "2": [
        4,
        4
      ],
      "3": [
        0,
        4
      ],
      "4": [
        4,
        0
      ],
      "5": [
        4,
        4
      ],
      "6": [
        0,
        0
      ],
      "7": [
        0,
        0
      ]
    },
    "inputSourceMap": {
      "version": 3,
      "mappings": "AAUI,mBAEI,cAFJ;AAVJ,OAAO,oBAAW;AAAA;AAAA;AAAA;AAAA;AAAA;AAAA;AAAA;AAAA;AAAA;AAAA;AAAA;AAAA;AAAA;AAAA;AAAA;AAClB,OAAOA,YAAY;AACnB,OAAOC,UAAU;AACjB,OAAOC,SAAS;AAChB,OAAOC,WAAW;AAClB,OAAOC,eAAe;AACtB,SAASC,iBAAiBC,QAAQC,OAAOC,cAAc;AAEvD,SAASC,MAAM;AACb,SACE,mCACE,iCAAC,UACC;AAAA,2BAAC,YAAD;AAAA;AAAA;AAAA;AAAA,WAAO;AAAA,IACP,uBAAC,UACC;AAAA,6BAAC,SAAM,MAAK,KAAI,SAAS,uBAAC,UAAD;AAAA;AAAA;AAAA;AAAA,aAAK,KAA9B;AAAA;AAAA;AAAA;AAAA,aAAkC;AAAA,MAClC,uBAAC,SAAM,MAAK,QAAO,SAAS,uBAAC,SAAD;AAAA;AAAA;AAAA;AAAA,aAAI,KAAhC;AAAA;AAAA;AAAA;AAAA,aAAoC;AAAA,MACpC,uBAAC,SAAM,MAAK,UAAS,SAAS,uBAAC,WAAD;AAAA;AAAA;AAAA;AAAA,aAAM,KAApC;AAAA;AAAA;AAAA;AAAA,aAAwC;AAAA,MACxC,uBAAC,SAAM,MAAK,yBAAwB,SAAS,uBAAC,eAAD;AAAA;AAAA;AAAA;AAAA,aAAU,KAAvD;AAAA;AAAA;AAAA;AAAA,aAA2D;AAAA,SAJ7D;AAAA;AAAA;AAAA;AAAA,WAKA;AAAA,OAPF;AAAA;AAAA;AAAA;AAAA,SAQA,KATF;AAAA;AAAA;AAAA;AAAA,SAUA;AAEJ;AAACC,KAdQD;AAgBT,eAAeA;AAAI,IAAAC;AAAAC,aAAAD,IAAA",
      "names": [
        "Navbar",
        "Home",
        "Log",
        "Login",
        "SavedLogs",
        "BrowserRouter",
        "Router",
        "Route",
        "Routes",
        "App",
        "_c",
        "$RefreshReg$"
      ],
      "sources": [
        "/Users/jen/fullstack-ish-typescript/frontend/src/App.tsx"
      ],
      "file": "/Users/jen/fullstack-ish-typescript/frontend/src/App.tsx"
    },
    "_coverageSchema": "1a1c01bbd47fc00a2c39e90264f33305004495a9",
    "hash": "cd93bf06e319f42fbb05e755aa356e1bc26c34cf"
  },
  "/Users/jen/fullstack-ish-typescript/frontend/src/main.tsx": {
    "path": "/Users/jen/fullstack-ish-typescript/frontend/src/main.tsx",
    "statementMap": {
      "0": {
        "start": {
          "line": 6,
          "column": 0
        },
        "end": {
          "line": 16,
          "column": 2
        }
      }
    },
    "fnMap": {},
    "branchMap": {},
    "s": {
      "0": 4
    },
    "f": {},
    "b": {},
    "inputSourceMap": {
      "version": 3,
      "mappings": "AAOI;AAPJ,OAAOA,WAAW;AAClB,OAAOC,cAAc;AACrB,OAAOC,SAAS;AAChB,OAAO;AAEPD,SAASE,WAAWC,SAASC,eAAe,MAAM,CAAgB,EAAEC;AAAAA,EAClE,uBAAC,MAAM,YAAN,EACC,iCAAC,SAAD;AAAA;AAAA;AAAA;AAAA,SAAI,KADN;AAAA;AAAA;AAAA;AAAA,SAEA;AACF",
      "names": [
        "React",
        "ReactDOM",
        "App",
        "createRoot",
        "document",
        "getElementById",
        "render"
      ],
      "sources": [
        "/Users/jen/fullstack-ish-typescript/frontend/src/main.tsx"
      ],
      "file": "/Users/jen/fullstack-ish-typescript/frontend/src/main.tsx"
    },
    "_coverageSchema": "1a1c01bbd47fc00a2c39e90264f33305004495a9",
    "hash": "96f2d213bf955bd62cfc175feee7b46fe275c7e7"
  },
  "/Users/jen/fullstack-ish-typescript/frontend/src/types.tsx": {
    "path": "/Users/jen/fullstack-ish-typescript/frontend/src/types.tsx",
    "statementMap": {},
    "fnMap": {},
    "branchMap": {},
    "s": {},
    "f": {},
    "b": {}
  }
}
