{"total": {"lines":{"total":193,"covered":38,"skipped":0,"pct":19.68},"statements":{"total":210,"covered":43,"skipped":0,"pct":20.47},"functions":{"total":56,"covered":12,"skipped":0,"pct":21.42},"branches":{"total":82,"covered":27,"skipped":0,"pct":32.92},"branchesTrue":{"total":0,"covered":0,"skipped":0,"pct":100}}
,"/Users/jen/fullstack-ish-typescript/frontend/src/App.tsx": {"lines":{"total":4,"covered":4,"skipped":0,"pct":100},"functions":{"total":2,"covered":2,"skipped":0,"pct":100},"statements":{"total":4,"covered":4,"skipped":0,"pct":100},"branches":{"total":3,"covered":3,"skipped":0,"pct":100}}
,"/Users/jen/fullstack-ish-typescript/frontend/src/main.tsx": {"lines":{"total":1,"covered":1,"skipped":0,"pct":100},"functions":{"total":0,"covered":0,"skipped":0,"pct":100},"statements":{"total":1,"covered":1,"skipped":0,"pct":100},"branches":{"total":0,"covered":0,"skipped":0,"pct":100}}
,"/Users/jen/fullstack-ish-typescript/frontend/src/types.tsx": {"lines":{"total":0,"covered":0,"skipped":0,"pct":0},"functions":{"total":0,"covered":0,"skipped":0,"pct":0},"statements":{"total":0,"covered":0,"skipped":0,"pct":0},"branches":{"total":0,"covered":0,"skipped":0,"pct":0}}
,"/Users/jen/fullstack-ish-typescript/frontend/src/components/Header.tsx": {"lines":{"total":5,"covered":5,"skipped":0,"pct":100},"functions":{"total":2,"covered":2,"skipped":0,"pct":100},"statements":{"total":5,"covered":5,"skipped":0,"pct":100},"branches":{"total":3,"covered":3,"skipped":0,"pct":100}}
,"/Users/jen/fullstack-ish-typescript/frontend/src/components/Navbar.tsx": {"lines":{"total":5,"covered":5,"skipped":0,"pct":100},"functions":{"total":2,"covered":2,"skipped":0,"pct":100},"statements":{"total":5,"covered":5,"skipped":0,"pct":100},"branches":{"total":3,"covered":3,"skipped":0,"pct":100}}
,"/Users/jen/fullstack-ish-typescript/frontend/src/components/SavedLogs.tsx": {"lines":{"total":35,"covered":5,"skipped":0,"pct":14.28},"functions":{"total":14,"covered":1,"skipped":0,"pct":7.14},"statements":{"total":41,"covered":6,"skipped":0,"pct":14.63},"branches":{"total":19,"covered":4,"skipped":0,"pct":21.05}}
,"/Users/jen/fullstack-ish-typescript/frontend/src/views/Home.tsx": {"lines":{"total":5,"covered":5,"skipped":0,"pct":100},"functions":{"total":2,"covered":2,"skipped":0,"pct":100},"statements":{"total":5,"covered":5,"skipped":0,"pct":100},"branches":{"total":3,"covered":3,"skipped":0,"pct":100}}
,"/Users/jen/fullstack-ish-typescript/frontend/src/views/Log.tsx": {"lines":{"total":105,"covered":5,"skipped":0,"pct":4.76},"functions":{"total":23,"covered":1,"skipped":0,"pct":4.34},"statements":{"total":113,"covered":7,"skipped":0,"pct":6.19},"branches":{"total":36,"covered":4,"skipped":0,"pct":11.11}}
,"/Users/jen/fullstack-ish-typescript/frontend/src/views/LogEntry.tsx": {"lines":{"total":11,"covered":4,"skipped":0,"pct":36.36},"functions":{"total":5,"covered":1,"skipped":0,"pct":20},"statements":{"total":11,"covered":4,"skipped":0,"pct":36.36},"branches":{"total":7,"covered":3,"skipped":0,"pct":42.85}}
,"/Users/jen/fullstack-ish-typescript/frontend/src/views/Login.tsx": {"lines":{"total":22,"covered":4,"skipped":0,"pct":18.18},"functions":{"total":6,"covered":1,"skipped":0,"pct":16.66},"statements":{"total":25,"covered":6,"skipped":0,"pct":24},"branches":{"total":8,"covered":4,"skipped":0,"pct":50}}
}
