TN:
SF:src/App.tsx
FN:1,(anonymous_0)
FN:9,App
FNF:2
FNH:2
FNDA:4,(anonymous_0)
FNDA:8,App
DA:1,32
DA:10,8
DA:23,4
DA:25,4
LF:4
LH:4
BRDA:1,0,0,8
BRDA:1,0,1,4
BRDA:1,1,0,4
BRF:3
BRH:3
end_of_record
TN:
SF:src/main.tsx
FNF:0
FNH:0
DA:6,4
LF:1
LH:1
BRF:0
BRH:0
end_of_record
TN:
SF:src/types.tsx
FNF:0
FNH:0
LF:0
LH:0
BRF:0
BRH:0
end_of_record
TN:
SF:src/components/Header.tsx
FN:1,(anonymous_0)
FN:6,(anonymous_1)
FNF:2
FNH:2
FNDA:4,(anonymous_0)
FNDA:8,(anonymous_1)
DA:1,32
DA:6,4
DA:7,8
DA:15,4
DA:17,4
LF:5
LH:5
BRDA:1,0,0,8
BRDA:1,0,1,4
BRDA:1,1,0,4
BRF:3
BRH:3
end_of_record
TN:
SF:src/components/Navbar.tsx
FN:1,(anonymous_0)
FN:5,(anonymous_1)
FNF:2
FNH:2
FNDA:4,(anonymous_0)
FNDA:8,(anonymous_1)
DA:1,32
DA:5,4
DA:6,8
DA:42,4
DA:44,4
LF:5
LH:5
BRDA:1,0,0,8
BRDA:1,0,1,4
BRDA:1,1,0,4
BRF:3
BRH:3
end_of_record
TN:
SF:src/components/SavedLogs.tsx
FN:1,(anonymous_0)
FN:5,(anonymous_1)
FN:26,(anonymous_2)
FN:40,(anonymous_3)
FN:54,(anonymous_4)
FN:58,(anonymous_5)
FN:63,(anonymous_6)
FN:69,(anonymous_7)
FN:70,(anonymous_8)
FN:97,(anonymous_9)
FN:102,(anonymous_10)
FN:110,(anonymous_11)
FN:112,(anonymous_12)
FN:5,(anonymous_13)
FNF:14
FNH:1
FNDA:4,(anonymous_0)
FNDA:0,(anonymous_1)
FNDA:0,(anonymous_2)
FNDA:0,(anonymous_3)
FNDA:0,(anonymous_4)
FNDA:0,(anonymous_5)
FNDA:0,(anonymous_6)
FNDA:0,(anonymous_7)
FNDA:0,(anonymous_8)
FNDA:0,(anonymous_9)
FNDA:0,(anonymous_10)
FNDA:0,(anonymous_11)
FNDA:0,(anonymous_12)
FNDA:0,(anonymous_13)
DA:1,32
DA:5,4
DA:6,0
DA:7,0
DA:8,0
DA:11,0
DA:15,4
DA:16,0
DA:26,0
DA:27,0
DA:28,0
DA:29,0
DA:30,0
DA:34,0
DA:37,0
DA:39,0
DA:40,0
DA:42,0
DA:44,0
DA:45,0
DA:46,0
DA:54,0
DA:55,0
DA:58,0
DA:62,0
DA:63,0
DA:69,0
DA:70,0
DA:75,0
DA:98,0
DA:102,0
DA:110,0
DA:113,0
DA:130,4
DA:132,4
LF:35
LH:5
BRDA:1,0,0,4
BRDA:1,0,1,0
BRDA:1,1,0,4
BRDA:1,2,0,4
BRDA:1,2,1,4
BRDA:29,3,0,0
BRDA:42,4,0,0
BRDA:42,4,1,0
BRDA:44,5,0,0
BRDA:62,6,0,0
BRDA:62,6,1,0
BRDA:78,7,0,0
BRDA:78,7,1,0
BRDA:82,8,0,0
BRDA:82,8,1,0
BRDA:106,9,0,0
BRDA:106,9,1,0
BRDA:109,10,0,0
BRDA:109,10,1,0
BRF:19
BRH:4
end_of_record
TN:
SF:src/views/Home.tsx
FN:1,(anonymous_0)
FN:10,(anonymous_1)
FNF:2
FNH:2
FNDA:4,(anonymous_0)
FNDA:8,(anonymous_1)
DA:1,32
DA:10,4
DA:11,8
DA:60,4
DA:62,4
LF:5
LH:5
BRDA:1,0,0,8
BRDA:1,0,1,4
BRDA:1,1,0,4
BRF:3
BRH:3
end_of_record
TN:
SF:src/views/Log.tsx
FN:1,(anonymous_0)
FN:9,(anonymous_1)
FN:19,(anonymous_2)
FN:36,(anonymous_3)
FN:37,(anonymous_4)
FN:45,(anonymous_5)
FN:57,(anonymous_6)
FN:58,(anonymous_7)
FN:69,(anonymous_8)
FN:133,(anonymous_9)
FN:147,(anonymous_10)
FN:148,(anonymous_11)
FN:159,(anonymous_12)
FN:164,(anonymous_13)
FN:171,(anonymous_14)
FN:172,(anonymous_15)
FN:180,(anonymous_16)
FN:182,(anonymous_17)
FN:189,(anonymous_18)
FN:193,(anonymous_19)
FN:194,(anonymous_20)
FN:201,(anonymous_21)
FN:284,(anonymous_22)
FNF:23
FNH:1
FNDA:4,(anonymous_0)
FNDA:0,(anonymous_1)
FNDA:0,(anonymous_2)
FNDA:0,(anonymous_3)
FNDA:0,(anonymous_4)
FNDA:0,(anonymous_5)
FNDA:0,(anonymous_6)
FNDA:0,(anonymous_7)
FNDA:0,(anonymous_8)
FNDA:0,(anonymous_9)
FNDA:0,(anonymous_10)
FNDA:0,(anonymous_11)
FNDA:0,(anonymous_12)
FNDA:0,(anonymous_13)
FNDA:0,(anonymous_14)
FNDA:0,(anonymous_15)
FNDA:0,(anonymous_16)
FNDA:0,(anonymous_17)
FNDA:0,(anonymous_18)
FNDA:0,(anonymous_19)
FNDA:0,(anonymous_20)
FNDA:0,(anonymous_21)
FNDA:0,(anonymous_22)
DA:1,32
DA:9,4
DA:10,0
DA:11,0
DA:13,0
DA:14,0
DA:16,0
DA:19,4
DA:20,0
DA:29,0
DA:30,0
DA:31,0
DA:32,0
DA:33,0
DA:34,0
DA:36,0
DA:37,0
DA:42,0
DA:45,0
DA:46,0
DA:54,0
DA:57,0
DA:58,0
DA:59,0
DA:60,0
DA:64,0
DA:65,0
DA:69,0
DA:70,0
DA:72,0
DA:73,0
DA:75,0
DA:76,0
DA:77,0
DA:78,0
DA:79,0
DA:80,0
DA:94,0
DA:95,0
DA:97,0
DA:99,0
DA:100,0
DA:101,0
DA:102,0
DA:104,0
DA:107,0
DA:118,0
DA:119,0
DA:121,0
DA:123,0
DA:125,0
DA:129,0
DA:133,0
DA:134,0
DA:135,0
DA:136,0
DA:137,0
DA:138,0
DA:141,0
DA:142,0
DA:144,0
DA:146,0
DA:147,0
DA:148,0
DA:150,0
DA:152,0
DA:153,0
DA:155,0
DA:159,0
DA:160,0
DA:161,0
DA:162,0
DA:163,0
DA:164,0
DA:165,0
DA:167,0
DA:171,0
DA:172,0
DA:173,0
DA:174,0
DA:177,0
DA:180,0
DA:181,0
DA:182,0
DA:186,0
DA:189,0
DA:190,0
DA:193,0
DA:194,0
DA:195,0
DA:197,0
DA:198,0
DA:201,0
DA:202,0
DA:203,0
DA:207,0
DA:208,0
DA:209,0
DA:211,0
DA:214,0
DA:218,0
DA:285,0
DA:286,0
DA:304,4
DA:306,4
LF:105
LH:5
BRDA:1,0,0,4
BRDA:1,0,1,0
BRDA:1,1,0,4
BRDA:1,2,0,4
BRDA:1,2,1,4
BRDA:10,3,0,0
BRDA:13,4,0,0
BRDA:59,5,0,0
BRDA:75,6,0,0
BRDA:75,6,1,0
BRDA:94,7,0,0
BRDA:94,7,1,0
BRDA:118,8,0,0
BRDA:118,8,1,0
BRDA:136,9,0,0
BRDA:181,10,0,0
BRDA:182,11,0,0
BRDA:182,11,1,0
BRDA:195,12,0,0
BRDA:195,12,1,0
BRDA:207,13,0,0
BRDA:207,13,1,0
BRDA:227,14,0,0
BRDA:227,14,1,0
BRDA:231,15,0,0
BRDA:231,15,1,0
BRDA:272,16,0,0
BRDA:272,16,1,0
BRDA:274,17,0,0
BRDA:274,17,1,0
BRDA:276,18,0,0
BRDA:276,18,1,0
BRDA:282,19,0,0
BRDA:282,19,1,0
BRDA:294,20,0,0
BRDA:294,20,1,0
BRF:36
BRH:4
end_of_record
TN:
SF:src/views/LogEntry.tsx
FN:1,(anonymous_0)
FN:6,(anonymous_1)
FN:13,(anonymous_2)
FN:17,(anonymous_3)
FN:21,(anonymous_4)
FNF:5
FNH:1
FNDA:4,(anonymous_0)
FNDA:0,(anonymous_1)
FNDA:0,(anonymous_2)
FNDA:0,(anonymous_3)
FNDA:0,(anonymous_4)
DA:1,32
DA:6,4
DA:13,0
DA:14,0
DA:17,0
DA:18,0
DA:21,0
DA:22,0
DA:25,0
DA:45,4
DA:47,4
LF:11
LH:4
BRDA:1,0,0,8
BRDA:1,0,1,4
BRDA:1,1,0,4
BRDA:26,2,0,0
BRDA:26,2,1,0
BRDA:34,3,0,0
BRDA:34,3,1,0
BRF:7
BRH:3
end_of_record
TN:
SF:src/views/Login.tsx
FN:1,(anonymous_0)
FN:10,(anonymous_1)
FN:13,(anonymous_2)
FN:14,(anonymous_3)
FN:27,(anonymous_4)
FN:28,(anonymous_5)
FNF:6
FNH:1
FNDA:4,(anonymous_0)
FNDA:0,(anonymous_1)
FNDA:0,(anonymous_2)
FNDA:0,(anonymous_3)
FNDA:0,(anonymous_4)
FNDA:0,(anonymous_5)
DA:1,32
DA:10,4
DA:11,0
DA:13,0
DA:14,0
DA:15,0
DA:16,0
DA:17,0
DA:18,0
DA:20,0
DA:24,0
DA:27,0
DA:28,0
DA:29,0
DA:30,0
DA:31,0
DA:35,0
DA:36,0
DA:38,0
DA:42,0
DA:50,4
DA:52,4
LF:22
LH:4
BRDA:1,0,0,4
BRDA:1,0,1,0
BRDA:1,1,0,4
BRDA:1,2,0,4
BRDA:1,2,1,4
BRDA:29,3,0,0
BRDA:35,4,0,0
BRDA:35,4,1,0
BRF:8
BRH:4
end_of_record
