TN:
SF:src/App.tsx
FN:1,(anonymous_0)
FN:9,App
FNF:2
FNH:2
FNDA:4,(anonymous_0)
FNDA:8,App
DA:1,32
DA:10,8
DA:23,4
DA:25,4
LF:4
LH:4
BRDA:1,0,0,8
BRDA:1,0,1,4
BRDA:1,1,0,4
BRF:3
BRH:3
end_of_record
TN:
SF:src/main.tsx
FNF:0
FNH:0
DA:6,4
LF:1
LH:1
BRF:0
BRH:0
end_of_record
TN:
SF:src/types.tsx
FNF:0
FNH:0
LF:0
LH:0
BRF:0
BRH:0
end_of_record
TN:
SF:src/components/Header.tsx
FN:1,(anonymous_0)
FN:6,(anonymous_1)
FNF:2
FNH:1
FNDA:4,(anonymous_0)
FNDA:0,(anonymous_1)
DA:1,32
DA:6,4
DA:7,0
DA:15,4
DA:17,4
LF:5
LH:4
BRDA:1,0,0,8
BRDA:1,0,1,4
BRDA:1,1,0,4
BRF:3
BRH:3
end_of_record
TN:
SF:src/components/Navbar.tsx
FN:1,(anonymous_0)
FN:5,(anonymous_1)
FNF:2
FNH:2
FNDA:4,(anonymous_0)
FNDA:8,(anonymous_1)
DA:1,32
DA:5,4
DA:6,8
DA:42,4
DA:44,4
LF:5
LH:5
BRDA:1,0,0,8
BRDA:1,0,1,4
BRDA:1,1,0,4
BRF:3
BRH:3
end_of_record
TN:
SF:src/components/SavedLogs.tsx
FN:1,(anonymous_0)
FN:5,(anonymous_1)
FN:26,(anonymous_2)
FN:40,(anonymous_3)
FN:54,(anonymous_4)
FN:58,(anonymous_5)
FN:63,(anonymous_6)
FN:69,(anonymous_7)
FN:70,(anonymous_8)
FN:97,(anonymous_9)
FN:102,(anonymous_10)
FN:110,(anonymous_11)
FN:112,(anonymous_12)
FN:5,(anonymous_13)
FNF:14
FNH:1
FNDA:4,(anonymous_0)
FNDA:0,(anonymous_1)
FNDA:0,(anonymous_2)
FNDA:0,(anonymous_3)
FNDA:0,(anonymous_4)
FNDA:0,(anonymous_5)
FNDA:0,(anonymous_6)
FNDA:0,(anonymous_7)
FNDA:0,(anonymous_8)
FNDA:0,(anonymous_9)
FNDA:0,(anonymous_10)
FNDA:0,(anonymous_11)
FNDA:0,(anonymous_12)
FNDA:0,(anonymous_13)
DA:1,32
DA:5,4
DA:6,0
DA:7,0
DA:8,0
DA:11,0
DA:15,4
DA:16,0
DA:26,0
DA:27,0
DA:28,0
DA:29,0
DA:30,0
DA:34,0
DA:37,0
DA:39,0
DA:40,0
DA:42,0
DA:44,0
DA:45,0
DA:46,0
DA:54,0
DA:55,0
DA:58,0
DA:62,0
DA:63,0
DA:69,0
DA:70,0
DA:75,0
DA:98,0
DA:102,0
DA:110,0
DA:113,0
DA:130,4
DA:132,4
LF:35
LH:5
BRDA:1,0,0,4
BRDA:1,0,1,0
BRDA:1,1,0,4
BRDA:1,2,0,4
BRDA:1,2,1,4
BRDA:29,3,0,0
BRDA:42,4,0,0
BRDA:42,4,1,0
BRDA:44,5,0,0
BRDA:62,6,0,0
BRDA:62,6,1,0
BRDA:78,7,0,0
BRDA:78,7,1,0
BRDA:82,8,0,0
BRDA:82,8,1,0
BRDA:106,9,0,0
BRDA:106,9,1,0
BRDA:109,10,0,0
BRDA:109,10,1,0
BRF:19
BRH:4
end_of_record
TN:
SF:src/views/Home.tsx
FN:1,(anonymous_0)
FN:10,(anonymous_1)
FNF:2
FNH:1
FNDA:4,(anonymous_0)
FNDA:0,(anonymous_1)
DA:1,32
DA:10,4
DA:11,0
DA:60,4
DA:62,4
LF:5
LH:4
BRDA:1,0,0,8
BRDA:1,0,1,4
BRDA:1,1,0,4
BRF:3
BRH:3
end_of_record
TN:
SF:src/views/Log.tsx
FN:1,(anonymous_0)
FN:9,(anonymous_1)
FN:19,(anonymous_2)
FN:36,(anonymous_3)
FN:37,(anonymous_4)
FN:45,(anonymous_5)
FN:57,(anonymous_6)
FN:58,(anonymous_7)
FN:69,(anonymous_8)
FN:133,(anonymous_9)
FN:147,(anonymous_10)
FN:148,(anonymous_11)
FN:159,(anonymous_12)
FN:164,(anonymous_13)
FN:171,(anonymous_14)
FN:172,(anonymous_15)
FN:180,(anonymous_16)
FN:182,(anonymous_17)
FN:189,(anonymous_18)
FN:193,(anonymous_19)
FN:194,(anonymous_20)
FN:201,(anonymous_21)
FN:284,(anonymous_22)
FNF:23
FNH:21
FNDA:4,(anonymous_0)
FNDA:278,(anonymous_1)
FNDA:262,(anonymous_2)
FNDA:108,(anonymous_3)
FNDA:215,(anonymous_4)
FNDA:2,(anonymous_5)
FNDA:1,(anonymous_6)
FNDA:1,(anonymous_7)
FNDA:2,(anonymous_8)
FNDA:11,(anonymous_9)
FNDA:7,(anonymous_10)
FNDA:0,(anonymous_11)
FNDA:8,(anonymous_12)
FNDA:110,(anonymous_13)
FNDA:8,(anonymous_14)
FNDA:8,(anonymous_15)
FNDA:8122,(anonymous_16)
FNDA:83610,(anonymous_17)
FNDA:0,(anonymous_18)
FNDA:3,(anonymous_19)
FNDA:3,(anonymous_20)
FNDA:1,(anonymous_21)
FNDA:158,(anonymous_22)
DA:1,32
DA:9,4
DA:10,278
DA:11,2
DA:13,276
DA:14,1
DA:16,275
DA:19,262
DA:20,262
DA:29,262
DA:30,262
DA:31,262
DA:32,262
DA:33,262
DA:34,262
DA:36,262
DA:37,215
DA:42,108
DA:45,262
DA:46,2
DA:54,2
DA:57,262
DA:58,1
DA:59,1
DA:60,1
DA:64,1
DA:65,1
DA:69,262
DA:70,2
DA:72,2
DA:73,2
DA:75,2
DA:76,1
DA:77,1
DA:78,1
DA:79,1
DA:80,1
DA:94,1
DA:95,1
DA:97,1
DA:99,1
DA:100,1
DA:101,1
DA:102,1
DA:104,0
DA:107,1
DA:118,1
DA:119,1
DA:121,1
DA:123,1
DA:125,0
DA:129,0
DA:133,262
DA:134,11
DA:135,11
DA:136,11
DA:137,11
DA:138,11
DA:141,11
DA:142,9
DA:144,9
DA:146,9
DA:147,7
DA:148,0
DA:150,9
DA:152,9
DA:153,9
DA:155,0
DA:159,262
DA:160,8
DA:161,8
DA:162,8
DA:163,8
DA:164,110
DA:165,8
DA:167,0
DA:171,262
DA:172,8
DA:173,8
DA:174,8
DA:177,8
DA:180,262
DA:181,8122
DA:182,83610
DA:186,0
DA:189,262
DA:190,0
DA:193,262
DA:194,3
DA:195,3
DA:197,3
DA:198,3
DA:201,262
DA:202,1
DA:203,1
DA:207,1
DA:208,1
DA:209,1
DA:211,0
DA:214,0
DA:218,262
DA:285,158
DA:286,158
DA:304,4
DA:306,4
LF:105
LH:95
BRDA:1,0,0,4
BRDA:1,0,1,0
BRDA:1,1,0,4
BRDA:1,2,0,4
BRDA:1,2,1,4
BRDA:10,3,0,2
BRDA:13,4,0,1
BRDA:59,5,0,1
BRDA:75,6,0,1
BRDA:75,6,1,1
BRDA:94,7,0,1
BRDA:94,7,1,0
BRDA:118,8,0,1
BRDA:118,8,1,0
BRDA:136,9,0,11
BRDA:181,10,0,8122
BRDA:182,11,0,2214
BRDA:182,11,1,5908
BRDA:195,12,0,3
BRDA:195,12,1,0
BRDA:207,13,0,1
BRDA:207,13,1,0
BRDA:227,14,0,262
BRDA:227,14,1,0
BRDA:231,15,0,262
BRDA:231,15,1,262
BRDA:272,16,0,224
BRDA:272,16,1,38
BRDA:274,17,0,262
BRDA:274,17,1,128
BRDA:276,18,0,128
BRDA:276,18,1,134
BRDA:282,19,0,262
BRDA:282,19,1,262
BRDA:294,20,0,158
BRDA:294,20,1,18
BRF:36
BRH:30
end_of_record
TN:
SF:src/views/LogEntry.tsx
FN:1,(anonymous_0)
FN:6,(anonymous_1)
FN:13,(anonymous_2)
FN:17,(anonymous_3)
FN:21,(anonymous_4)
FNF:5
FNH:5
FNDA:4,(anonymous_0)
FNDA:158,(anonymous_1)
FNDA:3,(anonymous_2)
FNDA:1,(anonymous_3)
FNDA:1,(anonymous_4)
DA:1,32
DA:6,4
DA:13,158
DA:14,3
DA:17,158
DA:18,1
DA:21,158
DA:22,1
DA:25,158
DA:45,4
DA:47,4
LF:11
LH:11
BRDA:1,0,0,8
BRDA:1,0,1,4
BRDA:1,1,0,4
BRDA:26,2,0,140
BRDA:26,2,1,18
BRDA:34,3,0,158
BRDA:34,3,1,140
BRF:7
BRH:7
end_of_record
TN:
SF:src/views/Login.tsx
FN:1,(anonymous_0)
FN:10,(anonymous_1)
FN:13,(anonymous_2)
FN:14,(anonymous_3)
FN:27,(anonymous_4)
FN:28,(anonymous_5)
FNF:6
FNH:1
FNDA:4,(anonymous_0)
FNDA:0,(anonymous_1)
FNDA:0,(anonymous_2)
FNDA:0,(anonymous_3)
FNDA:0,(anonymous_4)
FNDA:0,(anonymous_5)
DA:1,32
DA:10,4
DA:11,0
DA:13,0
DA:14,0
DA:15,0
DA:16,0
DA:17,0
DA:18,0
DA:20,0
DA:24,0
DA:27,0
DA:28,0
DA:29,0
DA:30,0
DA:31,0
DA:35,0
DA:36,0
DA:38,0
DA:42,0
DA:50,4
DA:52,4
LF:22
LH:4
BRDA:1,0,0,4
BRDA:1,0,1,0
BRDA:1,1,0,4
BRDA:1,2,0,4
BRDA:1,2,1,4
BRDA:29,3,0,0
BRDA:35,4,0,0
BRDA:35,4,1,0
BRF:8
BRH:4
end_of_record
